{
  message: 'Server is listening on http://localhost:9000!',
  level: 'info',
  timestamp: '2023-04-08T07:55:11.189Z'
}
{
  message: 'Server is listening on http://localhost:9000!',
  level: 'info',
  timestamp: '2023-04-08T07:55:51.373Z'
}
{
  message: 'Server is listening on http://localhost:9000!',
  level: 'info',
  timestamp: '2023-04-08T07:59:06.455Z'
}
Timestamp: undefined
Level: info
Message: Request received for /customers/6431144b5483316cd74ff879

Timestamp: undefined
Level: info
Message: Successfully sent response for /customers/6431144b5483316cd74ff879

{
  message: 'Server is listening on http://localhost:9000!',
  level: 'info',
  timestamp: '2023-04-08T08:00:17.251Z'
}
Timestamp: [object Object]
Level: info
Message: Request received for /customers/6431144b5483316cd74ff879

Timestamp: [object Object]
Level: info
Message: Successfully sent response for /customers/6431144b5483316cd74ff879

{
  message: 'Server is listening on http://localhost:9000!',
  level: 'info',
  timestamp: '2023-04-08T08:00:35.462Z'
}
Timestamp: undefined
Level: info
Message: Request received for /customers/6431144b5483316cd74ff879

Timestamp: undefined
Level: info
Message: Successfully sent response for /customers/6431144b5483316cd74ff879

{
  message: 'Server is listening on http://localhost:9000!',
  level: 'info',
  timestamp: '2023-04-08T08:01:18.903Z'
}
Timestamp: 2023-04-08T08:01:20.140Z
Level: info
Message: Request received for /customers/6431144b5483316cd74ff879

Timestamp: 2023-04-08T08:01:20.272Z
Level: info
Message: Successfully sent response for /customers/6431144b5483316cd74ff879

{
  message: 'Server is listening on http://localhost:9000!',
  level: 'info',
  timestamp: '2023-04-08T08:21:38.217Z'
}
{
  message: 'Server is listening on http://localhost:9000!',
  level: 'info',
  timestamp: '2023-04-08T08:22:18.251Z'
}
{
  message: 'Server is listening on http://localhost:9000!',
  level: 'info',
  timestamp: '2023-04-08T08:23:03.154Z'
}
{
  message: 'Server is listening on http://localhost:9000!',
  level: 'info',
  timestamp: '2023-04-08T08:23:21.488Z'
}
{
  message: 'Server is listening on http://localhost:9000!',
  level: 'info',
  timestamp: '2023-04-08T08:25:04.258Z'
}
{
  message: 'Server is listening on http://localhost:9000!',
  level: 'info',
  timestamp: '2023-04-08T08:26:38.084Z'
}
{
  message: 'Server is listening on http://localhost:9000!',
  level: 'info',
  timestamp: '2023-04-08T08:27:26.167Z'
}
{
  message: 'Server is listening on http://localhost:9000!',
  level: 'info',
  timestamp: '2023-04-08T08:28:40.444Z'
}
Timestamp: 2023-04-08T08:28:41.571Z
Level: info
Message: Request received for /customers/6431144b5483316cd74ff879

Timestamp: 2023-04-08T08:28:41.747Z
Level: info
Message: Successfully sent response for /customers/6431144b5483316cd74ff879

Timestamp: 2023-04-08T08:29:40.567Z
Level: info
Message: Request received for /customers/6431144b5483316cd74ff879

Timestamp: 2023-04-08T08:29:40.684Z
Level: info
Message: Successfully sent response for /customers/6431144b5483316cd74ff879

Timestamp: 2023-04-08T08:29:45.587Z
Level: info
Message: Request received for /customers/6431144b5483316cd74ff879

Timestamp: 2023-04-08T08:29:45.679Z
Level: info
Message: Successfully sent response for /customers/6431144b5483316cd74ff879

{
  message: 'Server is listening on http://localhost:9000!',
  level: 'info',
  timestamp: '2023-04-08T08:30:14.919Z'
}
{
  message: 'Server is listening on http://localhost:9000!',
  level: 'info',
  timestamp: '2023-04-08T08:31:36.979Z'
}
{
  message: 'Server is listening on http://localhost:9000!',
  level: 'info',
  timestamp: '2023-04-08T08:32:01.042Z'
}
{
  message: 'correct middleware',
  level: 'info',
  timestamp: '2023-04-08T08:32:02.209Z'
}
{
  message: 'Server is listening on http://localhost:9000!',
  level: 'info',
  timestamp: '2023-04-08T08:33:18.863Z'
}
{
  message: 'correct middleware',
  level: 'info',
  timestamp: '2023-04-08T08:33:20.049Z'
}
{
  message: 'Server is listening on http://localhost:9000!',
  level: 'info',
  timestamp: '2023-04-08T08:34:30.332Z'
}
{
  message: 'correct middleware',
  level: 'info',
  timestamp: '2023-04-08T08:34:31.896Z'
}
{
  message: 'Server is listening on http://localhost:9000!',
  level: 'info',
  timestamp: '2023-04-08T08:35:27.368Z'
}
{
  message: 'correct middleware',
  level: 'info',
  timestamp: '2023-04-08T08:35:28.219Z'
}
{
  message: 'Server is listening on http://localhost:9000!',
  level: 'info',
  timestamp: '2023-04-08T08:41:31.598Z'
}
Timestamp: 2023-04-08T08:41:34.575Z
Level: info
Message: Request received for /customers/6431144b5483316cd74ff879

Timestamp: 2023-04-08T08:41:34.689Z
Level: info
Message: Successfully sent response for /customers/6431144b5483316cd74ff879

Timestamp: 2023-04-08T08:41:38.524Z
Level: info
Message: Request received for /customers/6431144b5483316cd74ff879f

Timestamp: 2023-04-08T08:41:38.531Z
Level: error
Message: undefined

Timestamp: 2023-04-08T08:41:43.447Z
Level: info
Message: Request received for /customers

Timestamp: 2023-04-08T08:41:43.503Z
Level: info
Message: Successfully sent response for /customers

{
  message: 'Server is listening on http://localhost:9000!',
  level: 'info',
  timestamp: '2023-04-08T08:44:56.542Z'
}
Timestamp: 2023-04-08T08:44:57.539Z
Level: info
Message: Request received for /customers

Timestamp: 2023-04-08T08:44:57.585Z
Level: info
Message: Successfully sent response for /customers

Timestamp: 2023-04-08T08:45:02.933Z
Level: info
Message: Request received for /customers/6431144b5483316cd74ff879

Timestamp: 2023-04-08T08:45:03.013Z
Level: info
Message: Successfully sent response for /customers/6431144b5483316cd74ff879

Timestamp: 2023-04-08T08:45:08.790Z
Level: info
Message: Request received for /customers/6431144b5483316cd74ff879f

Timestamp: 2023-04-08T08:45:08.791Z
Level: error
Message: undefined

{
  message: 'Server is listening on http://localhost:9000!',
  level: 'info',
  timestamp: '2023-04-08T08:49:40.361Z'
}
Timestamp: 2023-04-08T08:49:41.477Z
Level: info
Message: Request received for /customers/6431144b5483316cd74ff879f

Timestamp: 2023-04-08T08:49:41.480Z
Level: error
Message: undefined

Timestamp: 2023-04-08T08:49:42.382Z
Level: info
Message: Request received for /customers/6431144b5483316cd74ff879f

Timestamp: 2023-04-08T08:49:42.384Z
Level: error
Message: undefined

Timestamp: 2023-04-08T08:49:49.632Z
Level: info
Message: Request received for /products

{
  message: 'Server is listening on http://localhost:9000!',
  level: 'info',
  timestamp: '2023-04-08T08:51:34.408Z'
}
Timestamp: 2023-04-08T08:51:35.463Z
Level: info
Message: Request received for /products

{
  message: 'Server is listening on http://localhost:9000!',
  level: 'info',
  timestamp: '2023-04-08T08:51:58.584Z'
}
Timestamp: 2023-04-08T08:51:59.699Z
Level: info
Message: Request received for /products

{
  message: 'Server is listening on http://localhost:9000!',
  level: 'info',
  timestamp: '2023-04-08T08:52:45.082Z'
}
Timestamp: 2023-04-08T08:52:46.243Z
Level: info
Message: Request received for /products

{
  message: 'Server is listening on http://localhost:9000!',
  level: 'info',
  timestamp: '2023-04-08T08:53:36.634Z'
}
Timestamp: 2023-04-08T08:53:38.033Z
Level: info
Message: Request received for /products

{
  message: 'Server is listening on http://localhost:9000!',
  level: 'info',
  timestamp: '2023-04-08T08:55:12.621Z'
}
Timestamp: 2023-04-08T08:55:14.621Z
Level: info
Message: Request received for /products/6431144d5483316cd74ff97d

{
  message: 'Server is listening on http://localhost:9000!',
  level: 'info',
  timestamp: '2023-04-08T08:55:25.975Z'
}
Timestamp: 2023-04-08T08:55:26.953Z
Level: info
Message: Request received for /products/6431144d5483316cd74ff97d

{
  message: 'Server is listening on http://localhost:9000!',
  level: 'info',
  timestamp: '2023-04-08T08:55:33.404Z'
}
Timestamp: 2023-04-08T08:55:34.287Z
Level: info
Message: Request received for /products/6431144d5483316cd74ff97d

Timestamp: 2023-04-08T08:55:34.536Z
Level: error
Message: undefined

{
  message: 'Server is listening on http://localhost:9000!',
  level: 'info',
  timestamp: '2023-04-08T08:56:23.611Z'
}
Timestamp: 2023-04-08T08:56:27.945Z
Level: info
Message: Request received for /products

Timestamp: 2023-04-08T08:56:27.987Z
Level: error
Message: undefined

{
  message: 'Server is listening on http://localhost:9000!',
  level: 'info',
  timestamp: '2023-04-08T08:56:35.836Z'
}
Timestamp: 2023-04-08T08:56:36.885Z
Level: info
Message: Request received for /products

{
  message: 'Server is listening on http://localhost:9000!',
  level: 'info',
  timestamp: '2023-04-08T08:56:59.472Z'
}
Timestamp: 2023-04-08T08:57:00.347Z
Level: info
Message: Request received for /products

Timestamp: 2023-04-08T08:58:25.893Z
Level: info
Message: Request received for /products

Timestamp: 2023-04-08T08:58:27.132Z
Level: info
Message: Request received for /products

{
  message: 'Server is listening on http://localhost:9000!',
  level: 'info',
  timestamp: '2023-04-08T08:58:30.708Z'
}
Timestamp: 2023-04-08T08:58:47.289Z
Level: info
Message: Request received for /products

{
  message: 'Server is listening on http://localhost:9000!',
  level: 'info',
  timestamp: '2023-04-08T08:58:49.133Z'
}
Timestamp: 2023-04-08T08:58:50.048Z
Level: info
Message: Request received for /products

Timestamp: 2023-04-08T08:58:50.099Z
Level: error
Message: undefined

{
  message: 'Server is listening on http://localhost:9000!',
  level: 'info',
  timestamp: '2023-04-08T08:59:03.380Z'
}
{
  message: 'Server is listening on http://localhost:9000!',
  level: 'info',
  timestamp: '2023-04-08T08:59:57.032Z'
}
Timestamp: 2023-04-08T08:59:58.375Z
Level: info
Message: Request received for /products

Timestamp: 2023-04-08T08:59:58.377Z
Level: error
Message: undefined

Timestamp: 2023-04-08T09:00:17.052Z
Level: info
Message: Request received for /products

Timestamp: 2023-04-08T09:00:17.052Z
Level: error
Message: undefined

Timestamp: 2023-04-08T09:00:17.716Z
Level: info
Message: Request received for /products

Timestamp: 2023-04-08T09:00:17.717Z
Level: error
Message: undefined

{
  message: 'Server is listening on http://localhost:9000!',
  level: 'info',
  timestamp: '2023-04-08T09:00:41.101Z'
}
Timestamp: 2023-04-08T09:00:42.224Z
Level: info
Message: Request received for /products

Timestamp: 2023-04-08T09:00:42.226Z
Level: error
Message: undefined

Timestamp: 2023-04-08T09:00:46.556Z
Level: info
Message: Request received for /products

Timestamp: 2023-04-08T09:00:46.556Z
Level: error
Message: undefined

{
  message: 'Server is listening on http://localhost:9000!',
  level: 'info',
  timestamp: '2023-04-08T09:00:59.046Z'
}
Timestamp: 2023-04-08T09:01:00.094Z
Level: info
Message: Request received for /products

Timestamp: 2023-04-08T09:01:20.276Z
Level: info
Message: Request received for /products/6431144d5483316cd74ff97d

Timestamp: 2023-04-08T09:01:29.953Z
Level: info
Message: Request received for /products/643114515483316cd74ffa78

Timestamp: 2023-04-08T09:01:42.064Z
Level: info
Message: Request received for /products/643114535483316cd74ffb23

Timestamp: 2023-04-08T09:01:56.990Z
Level: info
Message: Request received for /products/Gorgeous Concrete Hat

Timestamp: 2023-04-08T09:01:56.992Z
Level: error
Message: undefined

Timestamp: 2023-04-08T09:02:06.820Z
Level: info
Message: Request received for /products/43114575483316cd74ffc2b

Timestamp: 2023-04-08T09:02:06.822Z
Level: error
Message: undefined

Timestamp: 2023-04-08T09:02:15.876Z
Level: info
Message: Request received for /products/643114575483316cd74ffc2b

Timestamp: 2023-04-08T09:02:30.692Z
Level: info
Message: Request received for /products/643114585483316cd74ffcdf

Timestamp: 2023-04-08T09:02:42.555Z
Level: info
Message: Request received for /products/6431145d5483316cd74ffe22

Timestamp: 2023-04-08T09:02:50.949Z
Level: info
Message: Request received for /products/643114615483316cd74fff1b

Timestamp: 2023-04-08T09:02:59.788Z
Level: info
Message: Request received for /products/643114665483316cd750005a

Timestamp: 2023-04-08T09:03:08.507Z
Level: info
Message: Request received for /products/6431146a5483316cd75001a7

Timestamp: 2023-04-08T09:03:19.513Z
Level: info
Message: Request received for /products/6431146e5483316cd75002e3

Timestamp: 2023-04-08T09:03:28.290Z
Level: info
Message: Request received for /customers

Timestamp: 2023-04-08T09:03:28.435Z
Level: info
Message: Successfully sent response for /customers

Timestamp: 2023-04-08T09:03:53.375Z
Level: info
Message: Request received for /customers/6431144b5483316cd74ff879

Timestamp: 2023-04-08T09:03:53.461Z
Level: info
Message: Successfully sent response for /customers/6431144b5483316cd74ff879

{
  message: 'Server is listening on http://localhost:9000!',
  level: 'info',
  timestamp: '2023-04-08T09:05:46.227Z'
}
Timestamp: 2023-04-08T09:05:48.321Z
Level: info
Message: Request received for /customers/6431144b5483316cd74ff879

Timestamp: 2023-04-08T09:05:48.443Z
Level: info
Message: Successfully sent response for /customers/6431144b5483316cd74ff879

{
  message: 'Server is listening on http://localhost:9000!',
  level: 'info',
  timestamp: '2023-04-08T09:08:31.569Z'
}
Timestamp: 2023-04-08T09:08:36.390Z
Level: info
Message: Request received for /customers/6431144b5483316cd74ff879

Timestamp: 2023-04-08T09:08:36.513Z
Level: info
Message: Successfully sent response for /customers/6431144b5483316cd74ff879

{
  message: 'Server is listening on http://localhost:9000!',
  level: 'info',
  timestamp: '2023-04-08T09:09:02.154Z'
}
Timestamp: 2023-04-08T09:09:04.610Z
Level: info
Message: Request received for /customers/6431144b5483316cd74ff879

Timestamp: 2023-04-08T09:09:04.792Z
Level: info
Message: Successfully sent response for /customers/6431144b5483316cd74ff879

{
  message: 'Server is listening on http://localhost:9000!',
  level: 'info',
  timestamp: '2023-04-08T09:11:37.934Z'
}
Timestamp: 2023-04-08T09:11:41.192Z
Level: info
Message: Request received for /customers/6431144b5483316cd74ff879

Timestamp: 2023-04-08T09:11:41.403Z
Level: info
Message: Successfully sent response for /customers/6431144b5483316cd74ff879

{
  message: 'Server is listening on http://localhost:9000!',
  level: 'info',
  timestamp: '2023-04-08T09:11:52.917Z'
}
Timestamp: 2023-04-08T09:11:53.992Z
Level: info
Message: Request received for /customers/6431144b5483316cd74ff879

Timestamp: 2023-04-08T09:11:54.075Z
Level: info
Message: Successfully sent response for /customers/6431144b5483316cd74ff879

{
  message: 'Server is listening on http://localhost:9000!',
  level: 'info',
  timestamp: '2023-04-08T09:12:05.472Z'
}
Timestamp: 2023-04-08T09:12:06.444Z
Level: info
Message: Request received for /customers/6431144b5483316cd74ff879

Timestamp: 2023-04-08T09:12:06.620Z
Level: info
Message: Successfully sent response for /customers/6431144b5483316cd74ff879

{
  message: 'Server is listening on http://localhost:9000!',
  level: 'info',
  timestamp: '2023-04-08T09:13:04.617Z'
}
Timestamp: 2023-04-08T09:13:06.199Z
Level: info
Message: Request received for /customers/6431144b5483316cd74ff879

Timestamp: 2023-04-08T09:13:06.285Z
Level: info
Message: Successfully sent response for /customers/6431144b5483316cd74ff879

Timestamp: 2023-04-08T09:13:07.000Z
Level: info
Message: Request received for /customers/6431144b5483316cd74ff879

Timestamp: 2023-04-08T09:13:07.207Z
Level: info
Message: Successfully sent response for /customers/6431144b5483316cd74ff879

Timestamp: 2023-04-08T09:13:09.203Z
Level: info
Message: Request received for /customers/6431144b5483316cd74ff879

Timestamp: 2023-04-08T09:13:09.332Z
Level: info
Message: Successfully sent response for /customers/6431144b5483316cd74ff879

Timestamp: 2023-04-08T09:13:10.861Z
Level: info
Message: Request received for /customers/6431144b5483316cd74ff879

Timestamp: 2023-04-08T09:13:11.036Z
Level: info
Message: Successfully sent response for /customers/6431144b5483316cd74ff879

{
  message: 'Server is listening on http://localhost:9000!',
  level: 'info',
  timestamp: '2023-04-08T09:13:45.954Z'
}
Timestamp: 2023-04-08T09:13:47.208Z
Level: info
Message: Request received for /customers/6431144b5483316cd74ff879

Timestamp: 2023-04-08T09:13:47.258Z
Level: info
Message: Successfully sent response for /customers/6431144b5483316cd74ff879

{
  message: 'Server is listening on http://localhost:9000!',
  level: 'info',
  timestamp: '2023-04-08T09:16:09.955Z'
}
Timestamp: 2023-04-08T09:16:10.996Z
Level: info
Message: Request received for /customers

Timestamp: 2023-04-08T09:16:11.053Z
Level: info
Message: Successfully sent response for /customers

{
  message: 'Server is listening on http://localhost:9000!',
  level: 'info',
  timestamp: '2023-04-08T09:16:33.286Z'
}
{
  message: 'Server is listening on http://localhost:9000!',
  level: 'info',
  timestamp: '2023-04-08T09:17:05.050Z'
}
Timestamp: 2023-04-08T09:17:05.971Z
Level: info
Message: Request received for /customers

Timestamp: 2023-04-08T09:17:06.026Z
Level: info
Message: Successfully sent response for /customers

{
  message: 'Server is listening on http://localhost:9000!',
  level: 'info',
  timestamp: '2023-04-08T09:17:28.963Z'
}
Timestamp: 2023-04-08T09:17:29.762Z
Level: info
Message: Request received for /customers

Timestamp: 2023-04-08T09:17:29.850Z
Level: info
Message: Successfully sent response for /customers

{
  message: 'Server is listening on http://localhost:9000!',
  level: 'info',
  timestamp: '2023-04-08T09:18:02.467Z'
}
Timestamp: 2023-04-08T09:18:03.278Z
Level: info
Message: Request received for /customers

Timestamp: 2023-04-08T09:18:03.409Z
Level: info
Message: Successfully sent response for /customers

{
  message: 'Server is listening on http://localhost:9000!',
  level: 'info',
  timestamp: '2023-04-08T09:23:46.311Z'
}
Timestamp: 2023-04-08T09:23:47.984Z
Level: info
Message: Request received for /customers

Timestamp: 2023-04-08T09:23:48.095Z
Level: info
Message: Successfully sent response for /customers

Timestamp: 2023-04-08T09:24:06.249Z
Level: info
Message: Request received for /customers/6431327bdc4f2cf3a9ede5a3

Timestamp: 2023-04-08T09:24:06.330Z
Level: info
Message: Successfully sent response for /customers/6431327bdc4f2cf3a9ede5a3

Timestamp: 2023-04-08T09:24:29.816Z
Level: info
Message: Request received for /products/6431327bdc4f2cf3a9ede5a3

Timestamp: 2023-04-08T09:24:34.712Z
Level: info
Message: Request received for /products/6431327cdc4f2cf3a9ede6a7

{
  message: 'Server is listening on http://localhost:9000!',
  level: 'info',
  timestamp: '2023-04-08T09:26:13.263Z'
}
Timestamp: 2023-04-08T09:26:14.393Z
Level: info
Message: Request received for /products/6431327cdc4f2cf3a9ede6a7

{
  message: 'Server is listening on http://localhost:9000!',
  level: 'info',
  timestamp: '2023-04-08T09:26:52.770Z'
}
Timestamp: 2023-04-08T09:26:53.646Z
Level: info
Message: Request received for /products/6431327cdc4f2cf3a9ede6a7

Timestamp: 2023-04-08T09:26:53.647Z
Level: error
Message: undefined

{
  message: 'Server is listening on http://localhost:9000!',
  level: 'info',
  timestamp: '2023-04-08T09:27:06.423Z'
}
Timestamp: 2023-04-08T09:27:07.157Z
Level: info
Message: Request received for /products/6431327cdc4f2cf3a9ede6a7

Timestamp: 2023-04-08T09:27:07.158Z
Level: error
Message: undefined

Timestamp: 2023-04-08T09:27:07.803Z
Level: info
Message: Request received for /products/6431327cdc4f2cf3a9ede6a7

Timestamp: 2023-04-08T09:27:07.803Z
Level: error
Message: undefined

{
  message: 'Server is listening on http://localhost:9000!',
  level: 'info',
  timestamp: '2023-04-08T09:28:07.187Z'
}
Timestamp: 2023-04-08T09:28:08.358Z
Level: info
Message: Request received for /products/6431327cdc4f2cf3a9ede6a7

Timestamp: 2023-04-08T09:28:08.360Z
Level: error
Message: undefined

Timestamp: 2023-04-08T09:28:08.889Z
Level: info
Message: Request received for /products/6431327cdc4f2cf3a9ede6a7

Timestamp: 2023-04-08T09:28:08.889Z
Level: error
Message: undefined

Timestamp: 2023-04-08T09:28:09.401Z
Level: info
Message: Request received for /products/6431327cdc4f2cf3a9ede6a7

Timestamp: 2023-04-08T09:28:09.401Z
Level: error
Message: undefined

Timestamp: 2023-04-08T09:28:10.086Z
Level: info
Message: Request received for /products/6431327cdc4f2cf3a9ede6a7

Timestamp: 2023-04-08T09:28:10.086Z
Level: error
Message: undefined

{
  message: 'Server is listening on http://localhost:9000!',
  level: 'info',
  timestamp: '2023-04-08T09:29:19.087Z'
}
Timestamp: 2023-04-08T09:29:20.116Z
Level: info
Message: Request received for /products/6431327cdc4f2cf3a9ede6a7

Timestamp: 2023-04-08T09:29:20.117Z
Level: error
Message: undefined

Timestamp: 2023-04-08T09:29:20.861Z
Level: info
Message: Request received for /products/6431327cdc4f2cf3a9ede6a7

Timestamp: 2023-04-08T09:29:20.861Z
Level: error
Message: undefined

Timestamp: 2023-04-08T09:29:21.425Z
Level: info
Message: Request received for /products/6431327cdc4f2cf3a9ede6a7

Timestamp: 2023-04-08T09:29:21.425Z
Level: error
Message: undefined

{
  message: 'Server is listening on http://localhost:9000!',
  level: 'info',
  timestamp: '2023-04-08T09:33:06.440Z'
}
Timestamp: 2023-04-08T09:33:08.592Z
Level: info
Message: Request received for /products/6431327cdc4f2cf3a9ede6a7

Timestamp: 2023-04-08T09:33:08.594Z
Level: error
Message: undefined

{
  message: 'Server is listening on http://localhost:9000!',
  level: 'info',
  timestamp: '2023-04-08T09:33:17.385Z'
}
Timestamp: 2023-04-08T09:33:18.404Z
Level: info
Message: Request received for /products/6431327cdc4f2cf3a9ede6a7

Timestamp: 2023-04-08T09:33:18.406Z
Level: error
Message: undefined

Timestamp: 2023-04-08T09:33:19.107Z
Level: info
Message: Request received for /products/6431327cdc4f2cf3a9ede6a7

Timestamp: 2023-04-08T09:33:19.107Z
Level: error
Message: undefined

{
  message: 'Server is listening on http://localhost:9000!',
  level: 'info',
  timestamp: '2023-04-08T09:34:44.223Z'
}
Timestamp: 2023-04-08T09:34:46.378Z
Level: info
Message: Request received for /products/6431327cdc4f2cf3a9ede6a7

Timestamp: 2023-04-08T09:34:46.380Z
Level: error
Message: undefined

{
  message: 'Server is listening on http://localhost:9000!',
  level: 'info',
  timestamp: '2023-04-08T09:35:46.193Z'
}
Timestamp: 2023-04-08T09:35:47.682Z
Level: info
Message: Request received for /products/6431327cdc4f2cf3a9ede6a7

{
  message: 'Server is listening on http://localhost:9000!',
  level: 'info',
  timestamp: '2023-04-08T09:38:24.327Z'
}
Timestamp: 2023-04-08T09:38:28.499Z
Level: info
Message: Request received for /products/6431327cdc4f2cf3a9ede6a7

Timestamp: 2023-04-08T09:44:39.374Z
Level: info
Message: Request received for /customers

Timestamp: 2023-04-08T09:44:39.476Z
Level: info
Message: Successfully sent response for /customers

Timestamp: 2023-04-08T09:44:47.281Z
Level: info
Message: Request received for /customers/6431327bdc4f2cf3a9ede5a3

Timestamp: 2023-04-08T09:44:47.439Z
Level: info
Message: Successfully sent response for /customers/6431327bdc4f2cf3a9ede5a3

{
  message: 'Server is listening on http://localhost:9000!',
  level: 'info',
  timestamp: '2023-04-08T09:46:11.870Z'
}
Timestamp: 2023-04-08T09:46:25.352Z
Level: info
Message: Request received for /customers/6431327bdc4f2cf3a9ede5a3

Timestamp: 2023-04-08T09:46:25.466Z
Level: info
Message: Successfully sent response for /customers/6431327bdc4f2cf3a9ede5a3

Timestamp: 2023-04-08T09:46:38.974Z
Level: info
Message: Request received for /products/6431327cdc4f2cf3a9ede6a7

{
  message: 'Server is listening on http://localhost:9000!',
  level: 'info',
  timestamp: '2023-04-08T09:51:23.408Z'
}
Timestamp: 2023-04-08T09:51:24.993Z
Level: info
Message: Request received for /products/6431327cdc4f2cf3a9ede6a7

Timestamp: 2023-04-08T09:51:32.282Z
Level: info
Message: Request received for /products

Timestamp: 2023-04-08T09:51:47.729Z
Level: info
Message: Request received for /products/643138ac151f84849fd122b8

{
  message: 'Server is listening on http://localhost:9000!',
  level: 'info',
  timestamp: '2023-04-08T09:52:34.851Z'
}
Timestamp: 2023-04-08T09:52:36.202Z
Level: info
Message: Request received for /products/643138ac151f84849fd122b8

Timestamp: 2023-04-08T09:52:38.727Z
Level: info
Message: Request received for /products/643138ac151f84849fd122b8

{
  message: 'Server is listening on http://localhost:9000!',
  level: 'info',
  timestamp: '2023-04-08T09:54:29.483Z'
}
Timestamp: 2023-04-08T09:54:30.523Z
Level: info
Message: Request received for /products/643138ac151f84849fd122b8

{
  message: 'Server is listening on http://localhost:9000!',
  level: 'info',
  timestamp: '2023-04-08T09:55:17.854Z'
}
Timestamp: 2023-04-08T09:55:18.796Z
Level: info
Message: Request received for /products/643138ac151f84849fd122b8

{
  message: 'Server is listening on http://localhost:9000!',
  level: 'info',
  timestamp: '2023-04-08T09:55:59.050Z'
}
Timestamp: 2023-04-08T09:56:00.172Z
Level: info
Message: Request received for /products/643138ac151f84849fd122b8

{
  message: 'Server is listening on http://localhost:9000!',
  level: 'info',
  timestamp: '2023-04-08T10:07:46.948Z'
}
Timestamp: 2023-04-08T10:07:48.183Z
Level: info
Message: Request received for /products/643138ac151f84849fd122b8

Timestamp: 2023-04-08T10:07:49.530Z
Level: info
Message: Request received for /products/643138ac151f84849fd122b8

Timestamp: 2023-04-08T10:08:11.520Z
Level: info
Message: Request received for /products

Timestamp: 2023-04-08T10:08:23.423Z
Level: info
Message: Request received for /products

Timestamp: 2023-04-08T10:08:46.107Z
Level: info
Message: Request received for /products

Timestamp: 2023-04-08T10:08:49.308Z
Level: info
Message: Request received for /products

{
  message: 'Server is listening on http://localhost:9000!',
  level: 'info',
  timestamp: '2023-04-08T10:09:59.726Z'
}
Timestamp: 2023-04-08T10:10:06.229Z
Level: info
Message: Request received for /products

Timestamp: 2023-04-08T10:10:16.564Z
Level: info
Message: Request received for /products/64313d4be3c0ed5cad627768

Timestamp: 2023-04-08T10:10:19.439Z
Level: info
Message: Request received for /products/64313d4be3c0ed5cad627768

Timestamp: 2023-04-08T10:10:40.011Z
Level: info
Message: Request received for /products/64313d4de3c0ed5cad62786b

{
  message: 'Server is listening on http://localhost:9000!',
  level: 'info',
  timestamp: '2023-04-08T10:13:24.564Z'
}
Timestamp: 2023-04-08T10:13:25.459Z
Level: info
Message: Request received for /products/64313d4de3c0ed5cad62786b

Timestamp: 2023-04-08T10:14:09.812Z
Level: info
Message: Request received for /customers/64313d4be3c0ed5cad627768

Timestamp: 2023-04-08T10:14:09.935Z
Level: info
Message: Successfully sent response for /customers/64313d4be3c0ed5cad627768

{
  message: 'Server is listening on http://localhost:9000!',
  level: 'info',
  timestamp: '2023-04-08T10:20:43.864Z'
}
Timestamp: 2023-04-08T10:20:45.161Z
Level: info
Message: Request received for /products/64313d4be3c0ed5cad627768

Timestamp: 2023-04-08T10:20:48.830Z
Level: info
Message: Request received for /products

Timestamp: 2023-04-08T10:21:07.239Z
Level: info
Message: Request received for /products/64313fc93b78a8939c635048

{
  message: 'Server is listening on http://localhost:9000!',
  level: 'info',
  timestamp: '2023-04-08T10:21:39.919Z'
}
Timestamp: 2023-04-08T10:21:41.711Z
Level: info
Message: Request received for /products/64313fc93b78a8939c635048

{
  message: 'Server is listening on http://localhost:9000!',
  level: 'info',
  timestamp: '2023-04-08T10:40:30.785Z'
}
Timestamp: 2023-04-08T10:40:33.120Z
Level: info
Message: Request received for /products/64313fc93b78a8939c635048

Timestamp: 2023-04-08T10:40:36.932Z
Level: info
Message: Request received for /products

Timestamp: 2023-04-08T10:40:45.597Z
Level: info
Message: Request received for /products/64314472b69ef2feb51db830

{
  message: 'Server is listening on http://localhost:9000!',
  level: 'info',
  timestamp: '2023-04-08T11:05:03.040Z'
}
Timestamp: 2023-04-08T11:05:06.941Z
Level: info
Message: Request received for /products/64314472b69ef2feb51db830

Timestamp: 2023-04-08T11:05:09.328Z
Level: info
Message: Request received for /products

Timestamp: 2023-04-08T11:05:13.143Z
Level: info
Message: Request received for /products/64314a3f791a916128d2d430

{
  message: 'Server is listening on http://localhost:9000!',
  level: 'info',
  timestamp: '2023-04-08T11:09:56.291Z'
}
Timestamp: 2023-04-08T11:09:57.758Z
Level: info
Message: Request received for /products/64314a3f791a916128d2d430

Timestamp: 2023-04-08T11:10:00.447Z
Level: info
Message: Request received for /products

Timestamp: 2023-04-08T11:10:06.835Z
Level: info
Message: Request received for /products/64314b5c884db4ba558359ee

{
  message: 'Server is listening on http://localhost:9000!',
  level: 'info',
  timestamp: '2023-04-08T11:10:47.116Z'
}
Timestamp: 2023-04-08T11:10:49.481Z
Level: info
Message: Request received for /products/64314b5c884db4ba558359ee

Timestamp: 2023-04-08T11:11:19.635Z
Level: info
Message: Request received for /products

{
  message: 'Server is listening on http://localhost:9000!',
  level: 'info',
  timestamp: '2023-04-08T11:18:44.789Z'
}
{
  message: 'Server is listening on http://localhost:9000!',
  level: 'info',
  timestamp: '2023-04-08T11:20:42.620Z'
}
Timestamp: 2023-04-08T11:21:48.067Z
Level: info
Message: Request received for /products

Timestamp: 2023-04-08T11:28:21.490Z
Level: info
Message: Request received for /products

Timestamp: 2023-04-08T11:28:21.754Z
Level: info
Message: Request received for /products

Timestamp: 2023-04-08T11:31:47.892Z
Level: info
Message: Request received for /products

Timestamp: 2023-04-08T11:31:48.197Z
Level: info
Message: Request received for /products

Timestamp: 2023-04-08T11:31:50.892Z
Level: info
Message: Request received for /products

Timestamp: 2023-04-08T11:31:50.993Z
Level: info
Message: Request received for /products

Timestamp: 2023-04-08T11:32:52.174Z
Level: info
Message: Request received for /products

Timestamp: 2023-04-08T11:32:52.791Z
Level: info
Message: Request received for /products

Timestamp: 2023-04-08T11:33:25.573Z
Level: info
Message: Request received for /products

Timestamp: 2023-04-08T11:33:25.719Z
Level: info
Message: Request received for /products

Timestamp: 2023-04-08T11:39:51.871Z
Level: info
Message: Request received for /products

Timestamp: 2023-04-08T11:39:52.080Z
Level: info
Message: Request received for /products

Timestamp: 2023-04-08T11:40:03.316Z
Level: info
Message: Request received for /products

Timestamp: 2023-04-08T11:40:03.447Z
Level: info
Message: Request received for /products

Timestamp: 2023-04-08T11:41:34.061Z
Level: info
Message: Request received for /products

Timestamp: 2023-04-08T11:41:34.192Z
Level: info
Message: Request received for /products

Timestamp: 2023-04-08T11:41:47.430Z
Level: info
Message: Request received for /products

Timestamp: 2023-04-08T11:41:47.548Z
Level: info
Message: Request received for /products

Timestamp: 2023-04-08T11:47:13.093Z
Level: info
Message: Request received for /products

Timestamp: 2023-04-08T11:47:13.636Z
Level: info
Message: Request received for /products

Timestamp: 2023-04-08T11:47:13.709Z
Level: info
Message: Request received for /products

Timestamp: 2023-04-08T11:47:13.760Z
Level: info
Message: Request received for /products

Timestamp: 2023-04-08T11:49:20.800Z
Level: info
Message: Request received for /products

Timestamp: 2023-04-08T11:49:21.113Z
Level: info
Message: Request received for /products

Timestamp: 2023-04-08T11:50:13.257Z
Level: info
Message: Request received for /products

Timestamp: 2023-04-08T11:50:13.331Z
Level: info
Message: Request received for /products

Timestamp: 2023-04-08T11:50:13.533Z
Level: info
Message: Request received for /products

Timestamp: 2023-04-08T11:50:13.576Z
Level: info
Message: Request received for /products

{
  message: 'Server is listening on http://localhost:9000!',
  level: 'info',
  timestamp: '2023-04-08T12:43:03.620Z'
}
Timestamp: 2023-04-08T12:43:09.728Z
Level: info
Message: Request received for /products

Timestamp: 2023-04-08T12:43:09.973Z
Level: info
Message: Request received for /products

Timestamp: 2023-04-08T12:43:12.148Z
Level: info
Message: Request received for /products

Timestamp: 2023-04-08T12:43:12.592Z
Level: info
Message: Request received for /products

Timestamp: 2023-04-08T12:44:05.925Z
Level: info
Message: Request received for /products

Timestamp: 2023-04-08T12:44:06.041Z
Level: info
Message: Request received for /products

Timestamp: 2023-04-08T12:46:16.443Z
Level: info
Message: Request received for /products

Timestamp: 2023-04-08T12:46:16.584Z
Level: info
Message: Request received for /products

Timestamp: 2023-04-08T12:46:50.497Z
Level: info
Message: Request received for /products

Timestamp: 2023-04-08T12:46:50.594Z
Level: info
Message: Request received for /products

