Timestamp: 2023-04-08T08:41:38.531Z
Level: error
Message: undefined

Timestamp: 2023-04-08T08:45:08.791Z
Level: error
Message: undefined

Timestamp: 2023-04-08T08:49:41.480Z
Level: error
Message: undefined

Timestamp: 2023-04-08T08:49:42.384Z
Level: error
Message: undefined

Timestamp: 2023-04-08T08:55:34.536Z
Level: error
Message: undefined

Timestamp: 2023-04-08T08:56:27.987Z
Level: error
Message: undefined

Timestamp: 2023-04-08T08:58:50.099Z
Level: error
Message: undefined

Timestamp: 2023-04-08T08:59:58.377Z
Level: error
Message: undefined

Timestamp: 2023-04-08T09:00:17.052Z
Level: error
Message: undefined

Timestamp: 2023-04-08T09:00:17.717Z
Level: error
Message: undefined

Timestamp: 2023-04-08T09:00:42.226Z
Level: error
Message: undefined

Timestamp: 2023-04-08T09:00:46.556Z
Level: error
Message: undefined

Timestamp: 2023-04-08T09:01:56.992Z
Level: error
Message: undefined

Timestamp: 2023-04-08T09:02:06.822Z
Level: error
Message: undefined

Timestamp: 2023-04-08T09:26:53.647Z
Level: error
Message: undefined

Timestamp: 2023-04-08T09:27:07.158Z
Level: error
Message: undefined

Timestamp: 2023-04-08T09:27:07.803Z
Level: error
Message: undefined

Timestamp: 2023-04-08T09:28:08.360Z
Level: error
Message: undefined

Timestamp: 2023-04-08T09:28:08.889Z
Level: error
Message: undefined

Timestamp: 2023-04-08T09:28:09.401Z
Level: error
Message: undefined

Timestamp: 2023-04-08T09:28:10.086Z
Level: error
Message: undefined

Timestamp: 2023-04-08T09:29:20.117Z
Level: error
Message: undefined

Timestamp: 2023-04-08T09:29:20.861Z
Level: error
Message: undefined

Timestamp: 2023-04-08T09:29:21.425Z
Level: error
Message: undefined

Timestamp: 2023-04-08T09:33:08.594Z
Level: error
Message: undefined

Timestamp: 2023-04-08T09:33:18.406Z
Level: error
Message: undefined

Timestamp: 2023-04-08T09:33:19.107Z
Level: error
Message: undefined

Timestamp: 2023-04-08T09:34:46.380Z
Level: error
Message: undefined

Timestamp: 2023-04-08T17:08:26.492Z
Level: error
Message: undefined

Timestamp: 2023-04-08T17:18:08.815Z
Level: error
Message: undefined

Timestamp: 2023-04-08T21:19:37.437Z
Level: error
Message: undefined

Timestamp: 2023-04-08T21:19:38.826Z
Level: error
Message: undefined

Timestamp: 2023-04-08T21:21:24.327Z
Level: error
Message: undefined

Timestamp: 2023-04-08T21:21:31.442Z
Level: error
Message: undefined

Timestamp: 2023-04-08T21:22:35.023Z
Level: error
Message: undefined

Timestamp: 2023-04-08T21:22:36.107Z
Level: error
Message: undefined

Timestamp: 2023-04-08T21:22:42.669Z
Level: error
Message: undefined

Timestamp: 2023-04-08T21:22:44.437Z
Level: error
Message: undefined

Timestamp: 2023-04-08T21:23:24.626Z
Level: error
Message: undefined

Timestamp: 2023-04-08T21:28:55.710Z
Level: error
Message: undefined

Timestamp: 2023-04-08T21:29:26.393Z
Level: error
Message: undefined

Timestamp: 2023-04-08T21:46:29.107Z
Level: error
Message: undefined

Timestamp: 2023-04-08T21:46:42.633Z
Level: error
Message: undefined

Timestamp: 2023-04-08T22:36:50.933Z
Level: error
Message: undefined

Timestamp: 2023-04-08T22:37:29.881Z
Level: error
Message: undefined

Timestamp: 2023-04-08T22:39:07.378Z
Level: error
Message: undefined

Timestamp: 2023-04-08T22:39:10.585Z
Level: error
Message: undefined

Timestamp: 2023-04-08T22:39:58.271Z
Level: error
Message: undefined

Timestamp: 2023-04-08T22:40:17.964Z
Level: error
Message: undefined

Timestamp: 2023-04-08T22:40:37.327Z
Level: error
Message: undefined

Timestamp: 2023-04-08T22:41:04.311Z
Level: error
Message: undefined

Timestamp: 2023-04-08T22:41:06.920Z
Level: error
Message: undefined

Timestamp: 2023-04-08T22:41:14.013Z
Level: error
Message: undefined

Timestamp: 2023-04-08T22:41:41.646Z
Level: error
Message: undefined

Timestamp: 2023-04-08T22:42:22.687Z
Level: error
Message: undefined

Timestamp: 2023-04-09T00:01:22.529Z
Level: error
Message: undefined

Timestamp: 2023-04-09T00:01:50.139Z
Level: error
Message: undefined

Timestamp: 2023-04-09T00:01:51.126Z
Level: error
Message: undefined

Timestamp: 2023-04-09T00:01:51.883Z
Level: error
Message: undefined

Timestamp: 2023-04-09T22:21:07.689Z
Level: error
Message: undefined

Timestamp: 2023-04-10T13:59:07.861Z
Level: error
Message: undefined

Timestamp: 2023-04-10T16:26:41.208Z
Level: error
Message: undefined

Timestamp: 2023-04-10T17:05:49.814Z
Level: error
Message: undefined

Timestamp: 2023-04-10T17:05:49.844Z
Level: error
Message: undefined

Timestamp: 2023-04-10T17:05:50.126Z
Level: error
Message: undefined

Timestamp: 2023-04-10T17:05:50.140Z
Level: error
Message: undefined

Timestamp: 2023-04-10T17:05:50.199Z
Level: error
Message: undefined

Timestamp: 2023-04-10T17:05:50.224Z
Level: error
Message: undefined

Timestamp: 2023-04-10T17:05:50.464Z
Level: error
Message: undefined

Timestamp: 2023-04-10T17:05:50.477Z
Level: error
Message: undefined

Timestamp: 2023-04-10T17:05:50.597Z
Level: error
Message: undefined

Timestamp: 2023-04-10T17:05:50.663Z
Level: error
Message: undefined

Timestamp: 2023-04-10T17:05:50.831Z
Level: error
Message: undefined

Timestamp: 2023-04-10T17:05:50.935Z
Level: error
Message: undefined

Timestamp: 2023-04-10T17:05:59.032Z
Level: error
Message: undefined

Timestamp: 2023-04-10T17:05:59.037Z
Level: error
Message: undefined

Timestamp: 2023-04-10T17:05:59.361Z
Level: error
Message: undefined

Timestamp: 2023-04-10T17:05:59.409Z
Level: error
Message: undefined

Timestamp: 2023-04-10T17:05:59.414Z
Level: error
Message: undefined

Timestamp: 2023-04-10T17:05:59.456Z
Level: error
Message: undefined

Timestamp: 2023-04-10T17:05:59.773Z
Level: error
Message: undefined

Timestamp: 2023-04-10T17:05:59.789Z
Level: error
Message: undefined

Timestamp: 2023-04-10T17:06:00.120Z
Level: error
Message: undefined

Timestamp: 2023-04-10T17:06:00.129Z
Level: error
Message: undefined

Timestamp: 2023-04-10T17:06:00.451Z
Level: error
Message: undefined

Timestamp: 2023-04-10T17:06:00.464Z
Level: error
Message: undefined

Timestamp: 2023-04-10T17:06:18.752Z
Level: error
Message: undefined

Timestamp: 2023-04-10T17:06:19.002Z
Level: error
Message: undefined

Timestamp: 2023-04-10T17:06:19.061Z
Level: error
Message: undefined

Timestamp: 2023-04-10T17:06:19.126Z
Level: error
Message: undefined

Timestamp: 2023-04-10T17:06:19.129Z
Level: error
Message: undefined

Timestamp: 2023-04-10T17:06:19.152Z
Level: error
Message: undefined

Timestamp: 2023-04-10T17:06:19.336Z
Level: error
Message: undefined

Timestamp: 2023-04-10T17:06:19.393Z
Level: error
Message: undefined

Timestamp: 2023-04-10T17:06:19.462Z
Level: error
Message: undefined

Timestamp: 2023-04-10T17:06:19.482Z
Level: error
Message: undefined

Timestamp: 2023-04-10T17:06:19.645Z
Level: error
Message: undefined

Timestamp: 2023-04-10T17:06:19.713Z
Level: error
Message: undefined

Timestamp: 2023-04-10T17:06:35.351Z
Level: error
Message: undefined

Timestamp: 2023-04-10T17:06:35.352Z
Level: error
Message: undefined

Timestamp: 2023-04-10T17:06:35.699Z
Level: error
Message: undefined

Timestamp: 2023-04-10T17:06:35.705Z
Level: error
Message: undefined

Timestamp: 2023-04-10T17:06:35.718Z
Level: error
Message: undefined

Timestamp: 2023-04-10T17:06:35.730Z
Level: error
Message: undefined

Timestamp: 2023-04-10T17:06:36.049Z
Level: error
Message: undefined

Timestamp: 2023-04-10T17:06:36.054Z
Level: error
Message: undefined

Timestamp: 2023-04-10T17:06:36.334Z
Level: error
Message: undefined

Timestamp: 2023-04-10T17:06:36.381Z
Level: error
Message: undefined

Timestamp: 2023-04-10T17:06:36.658Z
Level: error
Message: undefined

Timestamp: 2023-04-10T17:06:36.703Z
Level: error
Message: undefined

Timestamp: 2023-04-10T17:06:40.911Z
Level: error
Message: undefined

Timestamp: 2023-04-10T17:06:40.915Z
Level: error
Message: undefined

Timestamp: 2023-04-10T17:06:41.271Z
Level: error
Message: undefined

Timestamp: 2023-04-10T17:06:41.274Z
Level: error
Message: undefined

Timestamp: 2023-04-10T17:06:41.304Z
Level: error
Message: undefined

Timestamp: 2023-04-10T17:06:41.311Z
Level: error
Message: undefined

Timestamp: 2023-04-10T17:06:41.642Z
Level: error
Message: undefined

Timestamp: 2023-04-10T17:06:41.643Z
Level: error
Message: undefined

Timestamp: 2023-04-10T17:06:41.659Z
Level: error
Message: undefined

Timestamp: 2023-04-10T17:06:41.966Z
Level: error
Message: undefined

Timestamp: 2023-04-10T17:06:41.974Z
Level: error
Message: undefined

Timestamp: 2023-04-10T17:06:42.295Z
Level: error
Message: undefined

Timestamp: 2023-04-10T17:07:11.869Z
Level: error
Message: undefined

Timestamp: 2023-04-10T17:07:11.872Z
Level: error
Message: undefined

Timestamp: 2023-04-10T17:07:12.228Z
Level: error
Message: undefined

Timestamp: 2023-04-10T17:07:12.241Z
Level: error
Message: undefined

Timestamp: 2023-04-10T17:07:12.248Z
Level: error
Message: undefined

Timestamp: 2023-04-10T17:07:12.269Z
Level: error
Message: undefined

Timestamp: 2023-04-10T17:07:12.572Z
Level: error
Message: undefined

Timestamp: 2023-04-10T17:07:12.605Z
Level: error
Message: undefined

Timestamp: 2023-04-10T17:07:12.606Z
Level: error
Message: undefined

Timestamp: 2023-04-10T17:07:12.688Z
Level: error
Message: undefined

Timestamp: 2023-04-10T17:07:12.689Z
Level: error
Message: undefined

Timestamp: 2023-04-10T17:07:12.690Z
Level: error
Message: undefined

Timestamp: 2023-04-10T21:47:41.625Z
Level: error
Message: undefined

Timestamp: 2023-04-10T21:47:41.642Z
Level: error
Message: undefined

Timestamp: 2023-04-10T21:49:25.861Z
Level: error
Message: undefined

Timestamp: 2023-04-10T21:49:30.069Z
Level: error
Message: undefined

Timestamp: 2023-04-10T21:49:48.832Z
Level: error
Message: undefined

Timestamp: 2023-04-10T21:49:48.841Z
Level: error
Message: undefined

Timestamp: 2023-04-10T21:50:16.015Z
Level: error
Message: undefined

Timestamp: 2023-04-10T21:50:16.026Z
Level: error
Message: undefined

Timestamp: 2023-04-10T21:51:13.396Z
Level: error
Message: undefined

Timestamp: 2023-04-10T21:51:13.457Z
Level: error
Message: undefined

Timestamp: 2023-04-10T21:51:33.177Z
Level: error
Message: undefined

Timestamp: 2023-04-10T21:51:33.354Z
Level: error
Message: undefined

Timestamp: 2023-04-10T21:51:56.248Z
Level: error
Message: undefined

Timestamp: 2023-04-10T21:51:56.263Z
Level: error
Message: undefined

Timestamp: 2023-04-10T21:52:10.239Z
Level: error
Message: undefined

Timestamp: 2023-04-10T21:52:10.267Z
Level: error
Message: undefined

Timestamp: 2023-04-10T21:52:37.490Z
Level: error
Message: undefined

Timestamp: 2023-04-10T21:52:37.501Z
Level: error
Message: undefined

Timestamp: 2023-04-10T21:52:48.237Z
Level: error
Message: undefined

Timestamp: 2023-04-10T21:52:48.248Z
Level: error
Message: undefined

Timestamp: 2023-04-10T21:54:44.066Z
Level: error
Message: undefined

Timestamp: 2023-04-10T21:54:44.074Z
Level: error
Message: undefined

Timestamp: 2023-04-10T21:55:18.422Z
Level: error
Message: undefined

Timestamp: 2023-04-10T21:55:18.433Z
Level: error
Message: undefined

Timestamp: 2023-04-10T21:55:24.859Z
Level: error
Message: undefined

Timestamp: 2023-04-10T21:55:24.875Z
Level: error
Message: undefined

Timestamp: 2023-04-10T21:55:26.372Z
Level: error
Message: undefined

Timestamp: 2023-04-10T21:55:26.605Z
Level: error
Message: undefined

Timestamp: 2023-04-10T21:56:02.177Z
Level: error
Message: undefined

Timestamp: 2023-04-10T21:56:02.194Z
Level: error
Message: undefined

Timestamp: 2023-04-10T21:56:20.263Z
Level: error
Message: undefined

Timestamp: 2023-04-10T21:56:20.283Z
Level: error
Message: undefined

Timestamp: 2023-04-10T21:56:36.033Z
Level: error
Message: undefined

Timestamp: 2023-04-10T21:56:36.045Z
Level: error
Message: undefined

Timestamp: 2023-04-10T21:56:36.806Z
Level: error
Message: undefined

Timestamp: 2023-04-10T21:56:37.061Z
Level: error
Message: undefined

Timestamp: 2023-04-10T21:57:08.389Z
Level: error
Message: undefined

Timestamp: 2023-04-10T21:57:08.400Z
Level: error
Message: undefined

Timestamp: 2023-04-10T21:58:15.223Z
Level: error
Message: undefined

Timestamp: 2023-04-10T21:58:15.527Z
Level: error
Message: undefined

Timestamp: 2023-04-10T21:58:50.577Z
Level: error
Message: undefined

Timestamp: 2023-04-10T21:58:50.762Z
Level: error
Message: undefined

Timestamp: 2023-04-10T21:58:56.055Z
Level: error
Message: undefined

Timestamp: 2023-04-10T21:58:56.088Z
Level: error
Message: undefined

Timestamp: 2023-04-10T21:59:19.198Z
Level: error
Message: undefined

Timestamp: 2023-04-10T21:59:26.804Z
Level: error
Message: undefined

Timestamp: 2023-04-10T21:59:35.424Z
Level: error
Message: undefined

Timestamp: 2023-04-10T21:59:38.385Z
Level: error
Message: undefined

Timestamp: 2023-04-10T22:00:27.163Z
Level: error
Message: undefined

Timestamp: 2023-04-10T22:00:51.872Z
Level: error
Message: undefined

Timestamp: 2023-04-10T22:00:52.747Z
Level: error
Message: undefined

Timestamp: 2023-04-10T22:00:54.194Z
Level: error
Message: undefined

Timestamp: 2023-04-10T22:01:16.559Z
Level: error
Message: undefined

Timestamp: 2023-04-10T22:01:17.302Z
Level: error
Message: undefined

Timestamp: 2023-04-10T22:01:41.172Z
Level: error
Message: undefined

Timestamp: 2023-04-10T22:01:42.800Z
Level: error
Message: undefined

Timestamp: 2023-04-10T22:01:43.305Z
Level: error
Message: undefined

Timestamp: 2023-04-10T22:01:43.704Z
Level: error
Message: undefined

Timestamp: 2023-04-10T22:01:44.117Z
Level: error
Message: undefined

Timestamp: 2023-04-10T22:01:44.515Z
Level: error
Message: undefined

Timestamp: 2023-04-10T22:01:52.181Z
Level: error
Message: undefined

Timestamp: 2023-04-10T22:03:34.174Z
Level: error
Message: undefined

Timestamp: 2023-04-10T22:03:45.203Z
Level: error
Message: undefined

Timestamp: 2023-04-10T22:03:49.131Z
Level: error
Message: undefined

Timestamp: 2023-04-10T22:04:35.168Z
Level: error
Message: undefined

Timestamp: 2023-04-10T22:05:27.556Z
Level: error
Message: undefined

Timestamp: 2023-04-10T22:05:28.322Z
Level: error
Message: undefined

Timestamp: 2023-04-10T22:05:31.000Z
Level: error
Message: undefined

Timestamp: 2023-04-10T22:05:31.011Z
Level: error
Message: undefined

Timestamp: 2023-04-10T22:08:28.558Z
Level: error
Message: undefined

Timestamp: 2023-04-10T22:08:30.637Z
Level: error
Message: undefined

Timestamp: 2023-04-10T22:08:31.145Z
Level: error
Message: undefined

Timestamp: 2023-04-10T22:08:31.395Z
Level: error
Message: undefined

Timestamp: 2023-04-10T22:08:31.647Z
Level: error
Message: undefined

Timestamp: 2023-04-10T22:08:31.871Z
Level: error
Message: undefined

Timestamp: 2023-04-10T22:08:32.071Z
Level: error
Message: undefined

Timestamp: 2023-04-10T22:08:32.304Z
Level: error
Message: undefined

Timestamp: 2023-04-10T22:08:32.530Z
Level: error
Message: undefined

Timestamp: 2023-04-10T22:08:32.768Z
Level: error
Message: undefined

Timestamp: 2023-04-10T22:34:28.163Z
Level: error
Message: undefined

Timestamp: 2023-04-10T22:34:28.328Z
Level: error
Message: undefined

Timestamp: 2023-04-10T22:34:41.642Z
Level: error
Message: undefined

Timestamp: 2023-04-10T22:34:41.669Z
Level: error
Message: undefined

Timestamp: 2023-04-10T22:35:18.435Z
Level: error
Message: undefined

Timestamp: 2023-04-10T22:35:18.653Z
Level: error
Message: undefined

Timestamp: 2023-04-10T22:36:01.717Z
Level: error
Message: undefined

Timestamp: 2023-04-10T22:36:01.842Z
Level: error
Message: undefined

Timestamp: 2023-04-10T22:37:08.573Z
Level: error
Message: undefined

Timestamp: 2023-04-10T22:37:08.623Z
Level: error
Message: undefined

Timestamp: 2023-04-10T22:37:24.261Z
Level: error
Message: undefined

Timestamp: 2023-04-10T22:37:24.313Z
Level: error
Message: undefined

Timestamp: 2023-04-10T22:37:30.102Z
Level: error
Message: undefined

Timestamp: 2023-04-10T22:37:30.137Z
Level: error
Message: undefined

Timestamp: 2023-04-10T22:38:14.706Z
Level: error
Message: undefined

Timestamp: 2023-04-11T14:02:54.621Z
Level: error
Message: undefined

Timestamp: 2023-04-11T14:02:54.659Z
Level: error
Message: undefined

Timestamp: 2023-04-11T14:02:54.661Z
Level: error
Message: undefined

Timestamp: 2023-04-11T14:02:54.662Z
Level: error
Message: undefined

Timestamp: 2023-04-11T14:02:54.664Z
Level: error
Message: undefined

Timestamp: 2023-04-11T14:02:54.668Z
Level: error
Message: undefined

Timestamp: 2023-04-11T14:02:55.144Z
Level: error
Message: undefined

Timestamp: 2023-04-11T14:02:55.145Z
Level: error
Message: undefined

Timestamp: 2023-04-11T14:02:55.193Z
Level: error
Message: undefined

Timestamp: 2023-04-11T14:02:55.196Z
Level: error
Message: undefined

Timestamp: 2023-04-11T14:02:55.199Z
Level: error
Message: undefined

Timestamp: 2023-04-11T14:02:55.209Z
Level: error
Message: undefined

Timestamp: 2023-04-11T14:02:55.605Z
Level: error
Message: undefined

Timestamp: 2023-04-11T14:03:02.794Z
Level: error
Message: undefined

Timestamp: 2023-04-11T14:03:02.811Z
Level: error
Message: undefined

Timestamp: 2023-04-11T14:03:02.897Z
Level: error
Message: undefined

Timestamp: 2023-04-11T14:03:02.912Z
Level: error
Message: undefined

Timestamp: 2023-04-11T14:07:27.549Z
Level: error
Message: undefined

Timestamp: 2023-04-11T14:07:27.747Z
Level: error
Message: undefined

Timestamp: 2023-04-11T14:07:27.852Z
Level: error
Message: undefined

Timestamp: 2023-04-11T14:07:27.874Z
Level: error
Message: undefined

Timestamp: 2023-04-11T14:07:29.701Z
Level: error
Message: undefined

Timestamp: 2023-04-11T14:07:29.702Z
Level: error
Message: undefined

Timestamp: 2023-04-11T14:07:29.712Z
Level: error
Message: undefined

Timestamp: 2023-04-11T14:07:30.026Z
Level: error
Message: undefined

Timestamp: 2023-04-11T14:07:30.835Z
Level: error
Message: undefined

Timestamp: 2023-04-11T14:07:31.072Z
Level: error
Message: undefined

Timestamp: 2023-04-11T14:07:31.164Z
Level: error
Message: undefined

Timestamp: 2023-04-11T14:07:31.165Z
Level: error
Message: undefined

Timestamp: 2023-04-11T14:07:31.859Z
Level: error
Message: undefined

Timestamp: 2023-04-11T14:07:31.860Z
Level: error
Message: undefined

Timestamp: 2023-04-11T14:07:31.872Z
Level: error
Message: undefined

Timestamp: 2023-04-11T14:07:31.874Z
Level: error
Message: undefined

Timestamp: 2023-04-11T14:07:32.932Z
Level: error
Message: undefined

Timestamp: 2023-04-11T14:07:33.158Z
Level: error
Message: undefined

Timestamp: 2023-04-11T14:07:33.233Z
Level: error
Message: undefined

Timestamp: 2023-04-11T14:07:33.250Z
Level: error
Message: undefined

Timestamp: 2023-04-11T14:07:34.353Z
Level: error
Message: undefined

Timestamp: 2023-04-11T14:07:34.354Z
Level: error
Message: undefined

Timestamp: 2023-04-11T14:07:34.366Z
Level: error
Message: undefined

Timestamp: 2023-04-11T14:07:34.372Z
Level: error
Message: undefined

Timestamp: 2023-04-11T14:08:30.906Z
Level: error
Message: undefined

Timestamp: 2023-04-11T14:08:30.909Z
Level: error
Message: undefined

Timestamp: 2023-04-11T14:08:31.236Z
Level: error
Message: undefined

Timestamp: 2023-04-11T14:08:31.240Z
Level: error
Message: undefined

Timestamp: 2023-04-11T14:08:34.811Z
Level: error
Message: undefined

Timestamp: 2023-04-11T14:08:34.818Z
Level: error
Message: undefined

Timestamp: 2023-04-11T14:08:35.151Z
Level: error
Message: undefined

Timestamp: 2023-04-11T14:08:35.168Z
Level: error
Message: undefined

Timestamp: 2023-04-11T14:08:41.362Z
Level: error
Message: undefined

Timestamp: 2023-04-11T14:08:41.606Z
Level: error
Message: undefined

Timestamp: 2023-04-11T14:08:41.686Z
Level: error
Message: undefined

Timestamp: 2023-04-11T14:08:41.705Z
Level: error
Message: undefined

Timestamp: 2023-04-11T14:08:50.577Z
Level: error
Message: undefined

Timestamp: 2023-04-11T14:08:50.578Z
Level: error
Message: undefined

Timestamp: 2023-04-11T14:08:50.901Z
Level: error
Message: undefined

Timestamp: 2023-04-11T14:08:50.902Z
Level: error
Message: undefined

Timestamp: 2023-04-11T14:09:23.152Z
Level: error
Message: undefined

Timestamp: 2023-04-11T14:09:23.155Z
Level: error
Message: undefined

Timestamp: 2023-04-11T14:09:23.478Z
Level: error
Message: undefined

Timestamp: 2023-04-11T14:09:23.480Z
Level: error
Message: undefined

Timestamp: 2023-04-11T14:09:24.443Z
Level: error
Message: undefined

Timestamp: 2023-04-11T14:09:24.703Z
Level: error
Message: undefined

Timestamp: 2023-04-11T14:09:24.762Z
Level: error
Message: undefined

Timestamp: 2023-04-11T14:09:24.767Z
Level: error
Message: undefined

Timestamp: 2023-04-11T14:10:20.019Z
Level: error
Message: undefined

Timestamp: 2023-04-11T14:10:20.198Z
Level: error
Message: undefined

Timestamp: 2023-04-11T14:10:20.306Z
Level: error
Message: undefined

Timestamp: 2023-04-11T14:10:20.337Z
Level: error
Message: undefined

Timestamp: 2023-04-11T14:58:44.557Z
Level: error
Message: undefined

Timestamp: 2023-04-11T14:59:19.775Z
Level: error
Message: undefined

Timestamp: 2023-04-11T14:59:20.571Z
Level: error
Message: undefined

Timestamp: 2023-04-11T14:59:20.976Z
Level: error
Message: undefined

Timestamp: 2023-04-11T15:01:40.726Z
Level: error
Message: undefined

Timestamp: 2023-04-11T15:02:24.421Z
Level: error
Message: undefined

Timestamp: 2023-04-11T15:03:32.274Z
Level: error
Message: undefined

Timestamp: 2023-04-11T15:03:53.336Z
Level: error
Message: undefined

Timestamp: 2023-04-11T15:03:54.085Z
Level: error
Message: undefined

Timestamp: 2023-04-11T15:04:13.567Z
Level: error
Message: undefined

Timestamp: 2023-04-11T15:04:14.342Z
Level: error
Message: undefined

Timestamp: 2023-04-11T15:04:14.729Z
Level: error
Message: undefined

Timestamp: 2023-04-11T15:07:24.591Z
Level: error
Message: undefined

Timestamp: 2023-04-11T15:24:43.197Z
Level: error
Message: undefined

Timestamp: 2023-04-11T15:25:01.947Z
Level: error
Message: undefined

Timestamp: 2023-04-11T15:27:04.262Z
Level: error
Message: undefined

Timestamp: 2023-04-11T15:27:25.339Z
Level: error
Message: undefined

Timestamp: 2023-04-11T15:28:45.997Z
Level: error
Message: undefined

Timestamp: 2023-04-11T15:28:46.725Z
Level: error
Message: undefined

Timestamp: 2023-04-11T15:28:47.133Z
Level: error
Message: undefined

Timestamp: 2023-04-11T15:28:47.583Z
Level: error
Message: undefined

Timestamp: 2023-04-11T15:28:47.922Z
Level: error
Message: undefined

Timestamp: 2023-04-11T15:28:48.149Z
Level: error
Message: undefined

Timestamp: 2023-04-11T15:28:48.348Z
Level: error
Message: undefined

Timestamp: 2023-04-11T15:28:48.558Z
Level: error
Message: undefined

Timestamp: 2023-04-11T15:29:08.333Z
Level: error
Message: undefined

Timestamp: 2023-04-11T15:29:08.784Z
Level: error
Message: undefined

Timestamp: 2023-04-11T15:29:09.020Z
Level: error
Message: undefined

Timestamp: 2023-04-11T15:32:14.206Z
Level: error
Message: undefined

Timestamp: 2023-04-11T15:32:14.773Z
Level: error
Message: undefined

Timestamp: 2023-04-11T15:32:15.099Z
Level: error
Message: undefined

Timestamp: 2023-04-11T15:32:15.421Z
Level: error
Message: undefined

Timestamp: 2023-04-11T15:32:15.759Z
Level: error
Message: undefined

Timestamp: 2023-04-11T15:32:58.344Z
Level: error
Message: undefined

Timestamp: 2023-04-11T15:32:59.905Z
Level: error
Message: undefined

Timestamp: 2023-04-11T15:33:00.375Z
Level: error
Message: undefined

Timestamp: 2023-04-11T15:34:40.236Z
Level: error
Message: undefined

Timestamp: 2023-04-11T15:34:40.799Z
Level: error
Message: undefined

Timestamp: 2023-04-11T15:34:41.658Z
Level: error
Message: undefined

Timestamp: 2023-04-11T15:34:42.115Z
Level: error
Message: undefined

Timestamp: 2023-04-11T15:49:30.831Z
Level: error
Message: undefined

Timestamp: 2023-04-11T15:50:17.609Z
Level: error
Message: undefined

Timestamp: 2023-04-11T15:50:19.328Z
Level: error
Message: undefined

Timestamp: 2023-04-11T15:50:19.721Z
Level: error
Message: undefined

Timestamp: 2023-04-11T15:50:20.016Z
Level: error
Message: undefined

Timestamp: 2023-04-11T15:50:20.325Z
Level: error
Message: undefined

Timestamp: 2023-04-11T15:50:20.610Z
Level: error
Message: undefined

Timestamp: 2023-04-11T15:50:36.832Z
Level: error
Message: undefined

Timestamp: 2023-04-11T15:50:50.974Z
Level: error
Message: undefined

Timestamp: 2023-04-11T15:51:05.414Z
Level: error
Message: undefined

Timestamp: 2023-04-11T15:51:29.335Z
Level: error
Message: undefined

Timestamp: 2023-04-11T15:51:35.415Z
Level: error
Message: undefined

Timestamp: 2023-04-11T15:51:35.855Z
Level: error
Message: undefined

Timestamp: 2023-04-11T15:51:36.260Z
Level: error
Message: undefined

Timestamp: 2023-04-11T15:51:36.912Z
Level: error
Message: undefined

Timestamp: 2023-04-11T15:52:19.797Z
Level: error
Message: undefined

Timestamp: 2023-04-11T15:52:21.419Z
Level: error
Message: undefined

Timestamp: 2023-04-11T15:52:22.038Z
Level: error
Message: undefined

Timestamp: 2023-04-11T15:52:22.773Z
Level: error
Message: undefined

Timestamp: 2023-04-11T15:52:38.276Z
Level: error
Message: undefined

Timestamp: 2023-04-11T15:52:39.048Z
Level: error
Message: undefined

Timestamp: 2023-04-11T15:52:39.438Z
Level: error
Message: undefined

Timestamp: 2023-04-11T15:52:53.130Z
Level: error
Message: undefined

Timestamp: 2023-04-11T15:52:55.291Z
Level: error
Message: undefined

Timestamp: 2023-04-11T15:52:55.926Z
Level: error
Message: undefined

Timestamp: 2023-04-11T15:53:04.905Z
Level: error
Message: undefined

Timestamp: 2023-04-11T15:53:15.400Z
Level: error
Message: undefined

Timestamp: 2023-04-11T15:53:16.536Z
Level: error
Message: undefined

Timestamp: 2023-04-11T15:53:16.936Z
Level: error
Message: undefined

Timestamp: 2023-04-11T15:53:17.227Z
Level: error
Message: undefined

Timestamp: 2023-04-11T15:53:17.447Z
Level: error
Message: undefined

Timestamp: 2023-04-11T15:53:17.657Z
Level: error
Message: undefined

Timestamp: 2023-04-11T15:53:17.891Z
Level: error
Message: undefined

Timestamp: 2023-04-11T15:53:18.100Z
Level: error
Message: undefined

Timestamp: 2023-04-11T15:53:18.341Z
Level: error
Message: undefined

Timestamp: 2023-04-11T15:53:18.532Z
Level: error
Message: undefined

Timestamp: 2023-04-11T15:53:18.762Z
Level: error
Message: undefined

Timestamp: 2023-04-11T15:53:18.978Z
Level: error
Message: undefined

Timestamp: 2023-04-11T15:53:19.264Z
Level: error
Message: undefined

Timestamp: 2023-04-11T15:53:19.493Z
Level: error
Message: undefined

Timestamp: 2023-04-11T15:54:23.199Z
Level: error
Message: undefined

Timestamp: 2023-04-11T15:54:38.462Z
Level: error
Message: undefined

Timestamp: 2023-04-11T15:54:41.845Z
Level: error
Message: undefined

Timestamp: 2023-04-11T15:55:04.988Z
Level: error
Message: undefined

Timestamp: 2023-04-11T15:56:05.883Z
Level: error
Message: undefined

Timestamp: 2023-04-11T15:56:17.138Z
Level: error
Message: undefined

Timestamp: 2023-04-11T15:56:19.059Z
Level: error
Message: undefined

Timestamp: 2023-04-11T15:56:19.493Z
Level: error
Message: undefined

Timestamp: 2023-04-11T15:56:19.875Z
Level: error
Message: undefined

Timestamp: 2023-04-11T15:56:20.204Z
Level: error
Message: undefined

Timestamp: 2023-04-11T15:56:20.491Z
Level: error
Message: undefined

Timestamp: 2023-04-11T15:57:14.087Z
Level: error
Message: undefined

Timestamp: 2023-04-11T15:57:45.003Z
Level: error
Message: undefined

Timestamp: 2023-04-11T15:57:47.017Z
Level: error
Message: undefined

Timestamp: 2023-04-11T15:57:47.456Z
Level: error
Message: undefined

Timestamp: 2023-04-11T15:57:47.748Z
Level: error
Message: undefined

Timestamp: 2023-04-11T15:57:47.984Z
Level: error
Message: undefined

Timestamp: 2023-04-11T15:57:48.256Z
Level: error
Message: undefined

Timestamp: 2023-04-11T15:57:48.417Z
Level: error
Message: undefined

Timestamp: 2023-04-11T15:58:31.581Z
Level: error
Message: undefined

Timestamp: 2023-04-11T15:59:29.577Z
Level: error
Message: undefined

Timestamp: 2023-04-11T15:59:44.567Z
Level: error
Message: undefined

Timestamp: 2023-04-11T16:00:08.506Z
Level: error
Message: undefined

Timestamp: 2023-04-11T16:01:03.961Z
Level: error
Message: undefined

Timestamp: 2023-04-11T16:01:04.796Z
Level: error
Message: undefined

Timestamp: 2023-04-11T16:01:05.300Z
Level: error
Message: undefined

Timestamp: 2023-04-11T16:01:05.586Z
Level: error
Message: undefined

Timestamp: 2023-04-11T16:01:05.834Z
Level: error
Message: undefined

{
  message: 'Invalid rating',
  level: 'error',
  timestamp: '2023-04-11T16:12:43.383Z'
}
Timestamp: 2023-04-11T16:12:43.402Z
Level: error
Message: undefined

{
  message: 'Invalid rating',
  level: 'error',
  timestamp: '2023-04-11T16:12:43.384Z'
}
{
  message: 'Invalid rating',
  level: 'error',
  timestamp: '2023-04-11T16:12:43.384Z'
}
{
  message: 'Invalid rating',
  level: 'error',
  timestamp: '2023-04-11T16:12:43.385Z'
}
{
  message: 'Invalid rating',
  level: 'error',
  timestamp: '2023-04-11T16:12:43.385Z'
}
{
  message: 'Invalid rating',
  level: 'error',
  timestamp: '2023-04-11T16:12:43.385Z'
}
{
  message: 'Invalid rating',
  level: 'error',
  timestamp: '2023-04-11T16:12:43.386Z'
}
{
  message: 'Invalid rating',
  level: 'error',
  timestamp: '2023-04-11T16:12:43.386Z'
}
{
  message: 'Invalid rating',
  level: 'error',
  timestamp: '2023-04-11T16:12:43.386Z'
}
{
  message: 'Invalid rating',
  level: 'error',
  timestamp: '2023-04-11T16:12:43.386Z'
}
{
  message: 'Invalid rating',
  level: 'error',
  timestamp: '2023-04-11T16:12:43.387Z'
}
{
  message: 'Invalid rating',
  level: 'error',
  timestamp: '2023-04-11T16:12:43.387Z'
}
{
  message: 'Invalid rating',
  level: 'error',
  timestamp: '2023-04-11T16:12:43.387Z'
}
{
  message: 'Invalid rating',
  level: 'error',
  timestamp: '2023-04-11T16:12:43.387Z'
}
{
  message: 'Invalid rating',
  level: 'error',
  timestamp: '2023-04-11T16:12:43.387Z'
}
{
  message: 'Invalid rating',
  level: 'error',
  timestamp: '2023-04-11T16:12:43.387Z'
}
{
  message: 'Invalid rating',
  level: 'error',
  timestamp: '2023-04-11T16:12:43.388Z'
}
{
  message: 'Invalid rating',
  level: 'error',
  timestamp: '2023-04-11T16:12:43.388Z'
}
{
  message: 'Invalid rating',
  level: 'error',
  timestamp: '2023-04-11T16:12:43.388Z'
}
{
  message: 'Invalid rating',
  level: 'error',
  timestamp: '2023-04-11T16:12:43.388Z'
}
{
  message: 'Invalid rating',
  level: 'error',
  timestamp: '2023-04-11T16:12:43.388Z'
}
{
  message: 'Invalid rating',
  level: 'error',
  timestamp: '2023-04-11T16:12:43.388Z'
}
{
  message: 'Invalid rating',
  level: 'error',
  timestamp: '2023-04-11T16:12:43.389Z'
}
{
  message: 'Invalid rating',
  level: 'error',
  timestamp: '2023-04-11T16:12:43.389Z'
}
{
  message: 'Invalid rating',
  level: 'error',
  timestamp: '2023-04-11T16:12:43.389Z'
}
{
  message: 'Invalid rating',
  level: 'error',
  timestamp: '2023-04-11T16:12:43.389Z'
}
{
  message: 'Invalid rating',
  level: 'error',
  timestamp: '2023-04-11T16:12:43.389Z'
}
{
  message: 'Invalid rating',
  level: 'error',
  timestamp: '2023-04-11T16:12:43.389Z'
}
{
  message: 'Invalid rating',
  level: 'error',
  timestamp: '2023-04-11T16:12:43.389Z'
}
{
  message: 'Invalid rating',
  level: 'error',
  timestamp: '2023-04-11T16:12:43.390Z'
}
{
  message: 'Invalid rating',
  level: 'error',
  timestamp: '2023-04-11T16:12:43.390Z'
}
{
  message: 'Invalid rating',
  level: 'error',
  timestamp: '2023-04-11T16:12:43.390Z'
}
{
  message: 'Invalid rating',
  level: 'error',
  timestamp: '2023-04-11T16:12:43.390Z'
}
{
  message: 'Invalid rating',
  level: 'error',
  timestamp: '2023-04-11T16:12:43.390Z'
}
{
  message: 'Invalid rating',
  level: 'error',
  timestamp: '2023-04-11T16:12:43.391Z'
}
{
  message: 'Invalid rating',
  level: 'error',
  timestamp: '2023-04-11T16:12:43.391Z'
}
{
  message: 'Invalid rating',
  level: 'error',
  timestamp: '2023-04-11T16:12:43.391Z'
}
{
  message: 'Invalid rating',
  level: 'error',
  timestamp: '2023-04-11T16:12:43.391Z'
}
{
  message: 'Invalid rating',
  level: 'error',
  timestamp: '2023-04-11T16:12:43.391Z'
}
{
  message: 'Invalid rating',
  level: 'error',
  timestamp: '2023-04-11T16:12:43.391Z'
}
{
  message: 'Invalid rating',
  level: 'error',
  timestamp: '2023-04-11T16:12:43.391Z'
}
{
  message: 'Invalid rating',
  level: 'error',
  timestamp: '2023-04-11T16:12:43.392Z'
}
{
  message: 'Invalid rating',
  level: 'error',
  timestamp: '2023-04-11T16:12:43.392Z'
}
{
  message: 'Invalid rating',
  level: 'error',
  timestamp: '2023-04-11T16:12:43.392Z'
}
{
  message: 'Invalid rating',
  level: 'error',
  timestamp: '2023-04-11T16:12:43.393Z'
}
{
  message: 'Invalid rating',
  level: 'error',
  timestamp: '2023-04-11T16:12:43.393Z'
}
{
  message: 'Invalid rating',
  level: 'error',
  timestamp: '2023-04-11T16:12:43.394Z'
}
{
  message: 'Invalid rating',
  level: 'error',
  timestamp: '2023-04-11T16:12:43.394Z'
}
{
  message: 'Invalid rating',
  level: 'error',
  timestamp: '2023-04-11T16:12:43.394Z'
}
{
  message: 'Invalid rating',
  level: 'error',
  timestamp: '2023-04-11T16:12:43.395Z'
}
{
  message: 'Invalid rating',
  level: 'error',
  timestamp: '2023-04-11T16:12:43.395Z'
}
{
  message: 'Invalid rating',
  level: 'error',
  timestamp: '2023-04-11T16:12:43.395Z'
}
{
  message: 'Invalid rating',
  level: 'error',
  timestamp: '2023-04-11T16:12:43.395Z'
}
{
  message: 'Invalid rating',
  level: 'error',
  timestamp: '2023-04-11T16:12:43.395Z'
}
{
  message: 'Invalid rating',
  level: 'error',
  timestamp: '2023-04-11T16:12:43.395Z'
}
{
  message: 'Invalid rating',
  level: 'error',
  timestamp: '2023-04-11T16:12:43.396Z'
}
{
  message: 'Invalid rating',
  level: 'error',
  timestamp: '2023-04-11T16:12:43.396Z'
}
{
  message: 'Invalid rating',
  level: 'error',
  timestamp: '2023-04-11T16:12:43.396Z'
}
{
  message: 'Invalid rating',
  level: 'error',
  timestamp: '2023-04-11T16:12:43.396Z'
}
{
  message: 'Invalid rating',
  level: 'error',
  timestamp: '2023-04-11T16:12:43.396Z'
}
{
  message: 'Invalid rating',
  level: 'error',
  timestamp: '2023-04-11T16:12:43.396Z'
}
{
  message: 'Invalid rating',
  level: 'error',
  timestamp: '2023-04-11T16:12:43.396Z'
}
{
  message: 'Invalid rating',
  level: 'error',
  timestamp: '2023-04-11T16:12:43.396Z'
}
{
  message: 'Invalid rating',
  level: 'error',
  timestamp: '2023-04-11T16:12:43.397Z'
}
{
  message: 'Invalid rating',
  level: 'error',
  timestamp: '2023-04-11T16:12:43.397Z'
}
{
  message: 'Invalid rating',
  level: 'error',
  timestamp: '2023-04-11T16:12:43.397Z'
}
{
  message: 'Invalid rating',
  level: 'error',
  timestamp: '2023-04-11T16:12:43.397Z'
}
{
  message: 'Invalid rating',
  level: 'error',
  timestamp: '2023-04-11T16:12:43.397Z'
}
{
  message: 'Invalid rating',
  level: 'error',
  timestamp: '2023-04-11T16:12:43.397Z'
}
{
  message: 'Invalid rating',
  level: 'error',
  timestamp: '2023-04-11T16:12:43.397Z'
}
{
  message: 'Invalid rating',
  level: 'error',
  timestamp: '2023-04-11T16:12:43.398Z'
}
{
  message: 'Invalid rating',
  level: 'error',
  timestamp: '2023-04-11T16:12:43.398Z'
}
{
  message: 'Invalid rating',
  level: 'error',
  timestamp: '2023-04-11T16:12:43.398Z'
}
{
  message: 'Invalid rating',
  level: 'error',
  timestamp: '2023-04-11T16:12:43.398Z'
}
{
  message: 'Invalid rating',
  level: 'error',
  timestamp: '2023-04-11T16:12:43.398Z'
}
{
  message: 'Invalid rating',
  level: 'error',
  timestamp: '2023-04-11T16:12:43.398Z'
}
{
  message: 'Invalid rating',
  level: 'error',
  timestamp: '2023-04-11T16:12:43.398Z'
}
{
  message: 'Invalid rating',
  level: 'error',
  timestamp: '2023-04-11T16:12:43.398Z'
}
{
  message: 'Invalid rating',
  level: 'error',
  timestamp: '2023-04-11T16:12:43.399Z'
}
{
  message: 'Invalid rating',
  level: 'error',
  timestamp: '2023-04-11T16:12:43.399Z'
}
{
  message: 'Invalid rating',
  level: 'error',
  timestamp: '2023-04-11T16:12:43.399Z'
}
{
  message: 'Invalid rating',
  level: 'error',
  timestamp: '2023-04-11T16:12:43.399Z'
}
{
  message: 'Invalid rating',
  level: 'error',
  timestamp: '2023-04-11T16:12:43.399Z'
}
{
  message: 'Invalid rating',
  level: 'error',
  timestamp: '2023-04-11T16:12:43.399Z'
}
{
  message: 'Invalid rating',
  level: 'error',
  timestamp: '2023-04-11T16:12:43.400Z'
}
{
  message: 'Invalid rating',
  level: 'error',
  timestamp: '2023-04-11T16:12:43.400Z'
}
{
  message: 'Invalid rating',
  level: 'error',
  timestamp: '2023-04-11T16:12:43.400Z'
}
{
  message: 'Invalid rating',
  level: 'error',
  timestamp: '2023-04-11T16:12:43.400Z'
}
{
  message: 'Invalid rating',
  level: 'error',
  timestamp: '2023-04-11T16:12:43.400Z'
}
{
  message: 'Invalid rating',
  level: 'error',
  timestamp: '2023-04-11T16:12:43.400Z'
}
{
  message: 'Invalid rating',
  level: 'error',
  timestamp: '2023-04-11T16:12:43.400Z'
}
{
  message: 'Invalid rating',
  level: 'error',
  timestamp: '2023-04-11T16:12:43.400Z'
}
{
  message: 'Invalid rating',
  level: 'error',
  timestamp: '2023-04-11T16:12:43.401Z'
}
{
  message: 'Invalid rating',
  level: 'error',
  timestamp: '2023-04-11T16:12:43.401Z'
}
{
  message: 'Invalid rating',
  level: 'error',
  timestamp: '2023-04-11T16:12:43.401Z'
}
{
  message: 'Invalid rating',
  level: 'error',
  timestamp: '2023-04-11T16:12:43.401Z'
}
{
  message: 'Invalid rating',
  level: 'error',
  timestamp: '2023-04-11T16:12:43.401Z'
}
{
  message: 'Invalid rating',
  level: 'error',
  timestamp: '2023-04-11T16:12:43.401Z'
}
{
  message: 'Invalid rating',
  level: 'error',
  timestamp: '2023-04-11T16:12:43.402Z'
}
{
  message: 'Invalid rating',
  level: 'error',
  timestamp: '2023-04-11T16:12:43.402Z'
}
{
  message: 'Invalid rating',
  level: 'error',
  timestamp: '2023-04-11T16:13:12.961Z'
}
Timestamp: 2023-04-11T16:13:12.979Z
Level: error
Message: undefined

{
  message: 'Invalid rating',
  level: 'error',
  timestamp: '2023-04-11T16:13:12.961Z'
}
{
  message: 'Invalid rating',
  level: 'error',
  timestamp: '2023-04-11T16:13:12.961Z'
}
{
  message: 'Invalid rating',
  level: 'error',
  timestamp: '2023-04-11T16:13:12.962Z'
}
{
  message: 'Invalid rating',
  level: 'error',
  timestamp: '2023-04-11T16:13:12.962Z'
}
{
  message: 'Invalid rating',
  level: 'error',
  timestamp: '2023-04-11T16:13:12.962Z'
}
{
  message: 'Invalid rating',
  level: 'error',
  timestamp: '2023-04-11T16:13:12.963Z'
}
{
  message: 'Invalid rating',
  level: 'error',
  timestamp: '2023-04-11T16:13:12.963Z'
}
{
  message: 'Invalid rating',
  level: 'error',
  timestamp: '2023-04-11T16:13:12.963Z'
}
{
  message: 'Invalid rating',
  level: 'error',
  timestamp: '2023-04-11T16:13:12.964Z'
}
{
  message: 'Invalid rating',
  level: 'error',
  timestamp: '2023-04-11T16:13:12.964Z'
}
{
  message: 'Invalid rating',
  level: 'error',
  timestamp: '2023-04-11T16:13:12.964Z'
}
{
  message: 'Invalid rating',
  level: 'error',
  timestamp: '2023-04-11T16:13:12.965Z'
}
{
  message: 'Invalid rating',
  level: 'error',
  timestamp: '2023-04-11T16:13:12.965Z'
}
{
  message: 'Invalid rating',
  level: 'error',
  timestamp: '2023-04-11T16:13:12.965Z'
}
{
  message: 'Invalid rating',
  level: 'error',
  timestamp: '2023-04-11T16:13:12.965Z'
}
{
  message: 'Invalid rating',
  level: 'error',
  timestamp: '2023-04-11T16:13:12.965Z'
}
{
  message: 'Invalid rating',
  level: 'error',
  timestamp: '2023-04-11T16:13:12.965Z'
}
{
  message: 'Invalid rating',
  level: 'error',
  timestamp: '2023-04-11T16:13:12.966Z'
}
{
  message: 'Invalid rating',
  level: 'error',
  timestamp: '2023-04-11T16:13:12.966Z'
}
{
  message: 'Invalid rating',
  level: 'error',
  timestamp: '2023-04-11T16:13:12.966Z'
}
{
  message: 'Invalid rating',
  level: 'error',
  timestamp: '2023-04-11T16:13:12.966Z'
}
{
  message: 'Invalid rating',
  level: 'error',
  timestamp: '2023-04-11T16:13:12.966Z'
}
{
  message: 'Invalid rating',
  level: 'error',
  timestamp: '2023-04-11T16:13:12.967Z'
}
{
  message: 'Invalid rating',
  level: 'error',
  timestamp: '2023-04-11T16:13:12.967Z'
}
{
  message: 'Invalid rating',
  level: 'error',
  timestamp: '2023-04-11T16:13:12.967Z'
}
{
  message: 'Invalid rating',
  level: 'error',
  timestamp: '2023-04-11T16:13:12.967Z'
}
{
  message: 'Invalid rating',
  level: 'error',
  timestamp: '2023-04-11T16:13:12.967Z'
}
{
  message: 'Invalid rating',
  level: 'error',
  timestamp: '2023-04-11T16:13:12.967Z'
}
{
  message: 'Invalid rating',
  level: 'error',
  timestamp: '2023-04-11T16:13:12.968Z'
}
{
  message: 'Invalid rating',
  level: 'error',
  timestamp: '2023-04-11T16:13:12.968Z'
}
{
  message: 'Invalid rating',
  level: 'error',
  timestamp: '2023-04-11T16:13:12.968Z'
}
{
  message: 'Invalid rating',
  level: 'error',
  timestamp: '2023-04-11T16:13:12.968Z'
}
{
  message: 'Invalid rating',
  level: 'error',
  timestamp: '2023-04-11T16:13:12.968Z'
}
{
  message: 'Invalid rating',
  level: 'error',
  timestamp: '2023-04-11T16:13:12.968Z'
}
{
  message: 'Invalid rating',
  level: 'error',
  timestamp: '2023-04-11T16:13:12.968Z'
}
{
  message: 'Invalid rating',
  level: 'error',
  timestamp: '2023-04-11T16:13:12.969Z'
}
{
  message: 'Invalid rating',
  level: 'error',
  timestamp: '2023-04-11T16:13:12.969Z'
}
{
  message: 'Invalid rating',
  level: 'error',
  timestamp: '2023-04-11T16:13:12.969Z'
}
{
  message: 'Invalid rating',
  level: 'error',
  timestamp: '2023-04-11T16:13:12.969Z'
}
{
  message: 'Invalid rating',
  level: 'error',
  timestamp: '2023-04-11T16:13:12.969Z'
}
{
  message: 'Invalid rating',
  level: 'error',
  timestamp: '2023-04-11T16:13:12.969Z'
}
{
  message: 'Invalid rating',
  level: 'error',
  timestamp: '2023-04-11T16:13:12.970Z'
}
{
  message: 'Invalid rating',
  level: 'error',
  timestamp: '2023-04-11T16:13:12.970Z'
}
{
  message: 'Invalid rating',
  level: 'error',
  timestamp: '2023-04-11T16:13:12.970Z'
}
{
  message: 'Invalid rating',
  level: 'error',
  timestamp: '2023-04-11T16:13:12.970Z'
}
{
  message: 'Invalid rating',
  level: 'error',
  timestamp: '2023-04-11T16:13:12.970Z'
}
{
  message: 'Invalid rating',
  level: 'error',
  timestamp: '2023-04-11T16:13:12.971Z'
}
{
  message: 'Invalid rating',
  level: 'error',
  timestamp: '2023-04-11T16:13:12.971Z'
}
{
  message: 'Invalid rating',
  level: 'error',
  timestamp: '2023-04-11T16:13:12.971Z'
}
{
  message: 'Invalid rating',
  level: 'error',
  timestamp: '2023-04-11T16:13:12.971Z'
}
{
  message: 'Invalid rating',
  level: 'error',
  timestamp: '2023-04-11T16:13:12.971Z'
}
{
  message: 'Invalid rating',
  level: 'error',
  timestamp: '2023-04-11T16:13:12.971Z'
}
{
  message: 'Invalid rating',
  level: 'error',
  timestamp: '2023-04-11T16:13:12.972Z'
}
{
  message: 'Invalid rating',
  level: 'error',
  timestamp: '2023-04-11T16:13:12.972Z'
}
{
  message: 'Invalid rating',
  level: 'error',
  timestamp: '2023-04-11T16:13:12.972Z'
}
{
  message: 'Invalid rating',
  level: 'error',
  timestamp: '2023-04-11T16:13:12.972Z'
}
{
  message: 'Invalid rating',
  level: 'error',
  timestamp: '2023-04-11T16:13:12.972Z'
}
{
  message: 'Invalid rating',
  level: 'error',
  timestamp: '2023-04-11T16:13:12.972Z'
}
{
  message: 'Invalid rating',
  level: 'error',
  timestamp: '2023-04-11T16:13:12.973Z'
}
{
  message: 'Invalid rating',
  level: 'error',
  timestamp: '2023-04-11T16:13:12.973Z'
}
{
  message: 'Invalid rating',
  level: 'error',
  timestamp: '2023-04-11T16:13:12.973Z'
}
{
  message: 'Invalid rating',
  level: 'error',
  timestamp: '2023-04-11T16:13:12.973Z'
}
{
  message: 'Invalid rating',
  level: 'error',
  timestamp: '2023-04-11T16:13:12.973Z'
}
{
  message: 'Invalid rating',
  level: 'error',
  timestamp: '2023-04-11T16:13:12.973Z'
}
{
  message: 'Invalid rating',
  level: 'error',
  timestamp: '2023-04-11T16:13:12.974Z'
}
{
  message: 'Invalid rating',
  level: 'error',
  timestamp: '2023-04-11T16:13:12.974Z'
}
{
  message: 'Invalid rating',
  level: 'error',
  timestamp: '2023-04-11T16:13:12.974Z'
}
{
  message: 'Invalid rating',
  level: 'error',
  timestamp: '2023-04-11T16:13:12.974Z'
}
{
  message: 'Invalid rating',
  level: 'error',
  timestamp: '2023-04-11T16:13:12.974Z'
}
{
  message: 'Invalid rating',
  level: 'error',
  timestamp: '2023-04-11T16:13:12.974Z'
}
{
  message: 'Invalid rating',
  level: 'error',
  timestamp: '2023-04-11T16:13:12.974Z'
}
{
  message: 'Invalid rating',
  level: 'error',
  timestamp: '2023-04-11T16:13:12.975Z'
}
{
  message: 'Invalid rating',
  level: 'error',
  timestamp: '2023-04-11T16:13:12.975Z'
}
{
  message: 'Invalid rating',
  level: 'error',
  timestamp: '2023-04-11T16:13:12.975Z'
}
{
  message: 'Invalid rating',
  level: 'error',
  timestamp: '2023-04-11T16:13:12.975Z'
}
{
  message: 'Invalid rating',
  level: 'error',
  timestamp: '2023-04-11T16:13:12.975Z'
}
{
  message: 'Invalid rating',
  level: 'error',
  timestamp: '2023-04-11T16:13:12.975Z'
}
{
  message: 'Invalid rating',
  level: 'error',
  timestamp: '2023-04-11T16:13:12.975Z'
}
{
  message: 'Invalid rating',
  level: 'error',
  timestamp: '2023-04-11T16:13:12.976Z'
}
{
  message: 'Invalid rating',
  level: 'error',
  timestamp: '2023-04-11T16:13:12.976Z'
}
{
  message: 'Invalid rating',
  level: 'error',
  timestamp: '2023-04-11T16:13:12.976Z'
}
{
  message: 'Invalid rating',
  level: 'error',
  timestamp: '2023-04-11T16:13:12.976Z'
}
{
  message: 'Invalid rating',
  level: 'error',
  timestamp: '2023-04-11T16:13:12.976Z'
}
{
  message: 'Invalid rating',
  level: 'error',
  timestamp: '2023-04-11T16:13:12.976Z'
}
{
  message: 'Invalid rating',
  level: 'error',
  timestamp: '2023-04-11T16:13:12.976Z'
}
{
  message: 'Invalid rating',
  level: 'error',
  timestamp: '2023-04-11T16:13:12.976Z'
}
{
  message: 'Invalid rating',
  level: 'error',
  timestamp: '2023-04-11T16:13:12.977Z'
}
{
  message: 'Invalid rating',
  level: 'error',
  timestamp: '2023-04-11T16:13:12.977Z'
}
{
  message: 'Invalid rating',
  level: 'error',
  timestamp: '2023-04-11T16:13:12.977Z'
}
{
  message: 'Invalid rating',
  level: 'error',
  timestamp: '2023-04-11T16:13:12.977Z'
}
{
  message: 'Invalid rating',
  level: 'error',
  timestamp: '2023-04-11T16:13:12.977Z'
}
{
  message: 'Invalid rating',
  level: 'error',
  timestamp: '2023-04-11T16:13:12.977Z'
}
{
  message: 'Invalid rating',
  level: 'error',
  timestamp: '2023-04-11T16:13:12.978Z'
}
{
  message: 'Invalid rating',
  level: 'error',
  timestamp: '2023-04-11T16:13:12.978Z'
}
{
  message: 'Invalid rating',
  level: 'error',
  timestamp: '2023-04-11T16:13:12.978Z'
}
{
  message: 'Invalid rating',
  level: 'error',
  timestamp: '2023-04-11T16:13:12.978Z'
}
{
  message: 'Invalid rating',
  level: 'error',
  timestamp: '2023-04-11T16:13:12.978Z'
}
{
  message: 'Invalid rating',
  level: 'error',
  timestamp: '2023-04-11T16:13:12.979Z'
}
{
  message: 'Invalid rating',
  level: 'error',
  timestamp: '2023-04-11T16:13:12.979Z'
}
{
  message: 'Invalid rating',
  level: 'error',
  timestamp: '2023-04-11T16:13:19.250Z'
}
Timestamp: 2023-04-11T16:13:19.265Z
Level: error
Message: undefined

{
  message: 'Invalid rating',
  level: 'error',
  timestamp: '2023-04-11T16:13:19.250Z'
}
{
  message: 'Invalid rating',
  level: 'error',
  timestamp: '2023-04-11T16:13:19.250Z'
}
{
  message: 'Invalid rating',
  level: 'error',
  timestamp: '2023-04-11T16:13:19.251Z'
}
{
  message: 'Invalid rating',
  level: 'error',
  timestamp: '2023-04-11T16:13:19.251Z'
}
{
  message: 'Invalid rating',
  level: 'error',
  timestamp: '2023-04-11T16:13:19.251Z'
}
{
  message: 'Invalid rating',
  level: 'error',
  timestamp: '2023-04-11T16:13:19.251Z'
}
{
  message: 'Invalid rating',
  level: 'error',
  timestamp: '2023-04-11T16:13:19.251Z'
}
{
  message: 'Invalid rating',
  level: 'error',
  timestamp: '2023-04-11T16:13:19.251Z'
}
{
  message: 'Invalid rating',
  level: 'error',
  timestamp: '2023-04-11T16:13:19.251Z'
}
{
  message: 'Invalid rating',
  level: 'error',
  timestamp: '2023-04-11T16:13:19.251Z'
}
{
  message: 'Invalid rating',
  level: 'error',
  timestamp: '2023-04-11T16:13:19.251Z'
}
{
  message: 'Invalid rating',
  level: 'error',
  timestamp: '2023-04-11T16:13:19.252Z'
}
{
  message: 'Invalid rating',
  level: 'error',
  timestamp: '2023-04-11T16:13:19.252Z'
}
{
  message: 'Invalid rating',
  level: 'error',
  timestamp: '2023-04-11T16:13:19.252Z'
}
{
  message: 'Invalid rating',
  level: 'error',
  timestamp: '2023-04-11T16:13:19.252Z'
}
{
  message: 'Invalid rating',
  level: 'error',
  timestamp: '2023-04-11T16:13:19.252Z'
}
{
  message: 'Invalid rating',
  level: 'error',
  timestamp: '2023-04-11T16:13:19.252Z'
}
{
  message: 'Invalid rating',
  level: 'error',
  timestamp: '2023-04-11T16:13:19.252Z'
}
{
  message: 'Invalid rating',
  level: 'error',
  timestamp: '2023-04-11T16:13:19.253Z'
}
{
  message: 'Invalid rating',
  level: 'error',
  timestamp: '2023-04-11T16:13:19.253Z'
}
{
  message: 'Invalid rating',
  level: 'error',
  timestamp: '2023-04-11T16:13:19.253Z'
}
{
  message: 'Invalid rating',
  level: 'error',
  timestamp: '2023-04-11T16:13:19.253Z'
}
{
  message: 'Invalid rating',
  level: 'error',
  timestamp: '2023-04-11T16:13:19.254Z'
}
{
  message: 'Invalid rating',
  level: 'error',
  timestamp: '2023-04-11T16:13:19.254Z'
}
{
  message: 'Invalid rating',
  level: 'error',
  timestamp: '2023-04-11T16:13:19.254Z'
}
{
  message: 'Invalid rating',
  level: 'error',
  timestamp: '2023-04-11T16:13:19.254Z'
}
{
  message: 'Invalid rating',
  level: 'error',
  timestamp: '2023-04-11T16:13:19.254Z'
}
{
  message: 'Invalid rating',
  level: 'error',
  timestamp: '2023-04-11T16:13:19.254Z'
}
{
  message: 'Invalid rating',
  level: 'error',
  timestamp: '2023-04-11T16:13:19.254Z'
}
{
  message: 'Invalid rating',
  level: 'error',
  timestamp: '2023-04-11T16:13:19.255Z'
}
{
  message: 'Invalid rating',
  level: 'error',
  timestamp: '2023-04-11T16:13:19.255Z'
}
{
  message: 'Invalid rating',
  level: 'error',
  timestamp: '2023-04-11T16:13:19.255Z'
}
{
  message: 'Invalid rating',
  level: 'error',
  timestamp: '2023-04-11T16:13:19.255Z'
}
{
  message: 'Invalid rating',
  level: 'error',
  timestamp: '2023-04-11T16:13:19.255Z'
}
{
  message: 'Invalid rating',
  level: 'error',
  timestamp: '2023-04-11T16:13:19.255Z'
}
{
  message: 'Invalid rating',
  level: 'error',
  timestamp: '2023-04-11T16:13:19.256Z'
}
{
  message: 'Invalid rating',
  level: 'error',
  timestamp: '2023-04-11T16:13:19.256Z'
}
{
  message: 'Invalid rating',
  level: 'error',
  timestamp: '2023-04-11T16:13:19.256Z'
}
{
  message: 'Invalid rating',
  level: 'error',
  timestamp: '2023-04-11T16:13:19.256Z'
}
{
  message: 'Invalid rating',
  level: 'error',
  timestamp: '2023-04-11T16:13:19.257Z'
}
{
  message: 'Invalid rating',
  level: 'error',
  timestamp: '2023-04-11T16:13:19.257Z'
}
{
  message: 'Invalid rating',
  level: 'error',
  timestamp: '2023-04-11T16:13:19.257Z'
}
{
  message: 'Invalid rating',
  level: 'error',
  timestamp: '2023-04-11T16:13:19.257Z'
}
{
  message: 'Invalid rating',
  level: 'error',
  timestamp: '2023-04-11T16:13:19.257Z'
}
{
  message: 'Invalid rating',
  level: 'error',
  timestamp: '2023-04-11T16:13:19.258Z'
}
{
  message: 'Invalid rating',
  level: 'error',
  timestamp: '2023-04-11T16:13:19.258Z'
}
{
  message: 'Invalid rating',
  level: 'error',
  timestamp: '2023-04-11T16:13:19.258Z'
}
{
  message: 'Invalid rating',
  level: 'error',
  timestamp: '2023-04-11T16:13:19.258Z'
}
{
  message: 'Invalid rating',
  level: 'error',
  timestamp: '2023-04-11T16:13:19.258Z'
}
{
  message: 'Invalid rating',
  level: 'error',
  timestamp: '2023-04-11T16:13:19.259Z'
}
{
  message: 'Invalid rating',
  level: 'error',
  timestamp: '2023-04-11T16:13:19.259Z'
}
{
  message: 'Invalid rating',
  level: 'error',
  timestamp: '2023-04-11T16:13:19.259Z'
}
{
  message: 'Invalid rating',
  level: 'error',
  timestamp: '2023-04-11T16:13:19.259Z'
}
{
  message: 'Invalid rating',
  level: 'error',
  timestamp: '2023-04-11T16:13:19.259Z'
}
{
  message: 'Invalid rating',
  level: 'error',
  timestamp: '2023-04-11T16:13:19.259Z'
}
{
  message: 'Invalid rating',
  level: 'error',
  timestamp: '2023-04-11T16:13:19.259Z'
}
{
  message: 'Invalid rating',
  level: 'error',
  timestamp: '2023-04-11T16:13:19.259Z'
}
{
  message: 'Invalid rating',
  level: 'error',
  timestamp: '2023-04-11T16:13:19.260Z'
}
{
  message: 'Invalid rating',
  level: 'error',
  timestamp: '2023-04-11T16:13:19.260Z'
}
{
  message: 'Invalid rating',
  level: 'error',
  timestamp: '2023-04-11T16:13:19.261Z'
}
{
  message: 'Invalid rating',
  level: 'error',
  timestamp: '2023-04-11T16:13:19.261Z'
}
{
  message: 'Invalid rating',
  level: 'error',
  timestamp: '2023-04-11T16:13:19.261Z'
}
{
  message: 'Invalid rating',
  level: 'error',
  timestamp: '2023-04-11T16:13:19.261Z'
}
{
  message: 'Invalid rating',
  level: 'error',
  timestamp: '2023-04-11T16:13:19.261Z'
}
{
  message: 'Invalid rating',
  level: 'error',
  timestamp: '2023-04-11T16:13:19.261Z'
}
{
  message: 'Invalid rating',
  level: 'error',
  timestamp: '2023-04-11T16:13:19.261Z'
}
{
  message: 'Invalid rating',
  level: 'error',
  timestamp: '2023-04-11T16:13:19.262Z'
}
{
  message: 'Invalid rating',
  level: 'error',
  timestamp: '2023-04-11T16:13:19.262Z'
}
{
  message: 'Invalid rating',
  level: 'error',
  timestamp: '2023-04-11T16:13:19.262Z'
}
{
  message: 'Invalid rating',
  level: 'error',
  timestamp: '2023-04-11T16:13:19.262Z'
}
{
  message: 'Invalid rating',
  level: 'error',
  timestamp: '2023-04-11T16:13:19.262Z'
}
{
  message: 'Invalid rating',
  level: 'error',
  timestamp: '2023-04-11T16:13:19.262Z'
}
{
  message: 'Invalid rating',
  level: 'error',
  timestamp: '2023-04-11T16:13:19.262Z'
}
{
  message: 'Invalid rating',
  level: 'error',
  timestamp: '2023-04-11T16:13:19.262Z'
}
{
  message: 'Invalid rating',
  level: 'error',
  timestamp: '2023-04-11T16:13:19.262Z'
}
{
  message: 'Invalid rating',
  level: 'error',
  timestamp: '2023-04-11T16:13:19.262Z'
}
{
  message: 'Invalid rating',
  level: 'error',
  timestamp: '2023-04-11T16:13:19.263Z'
}
{
  message: 'Invalid rating',
  level: 'error',
  timestamp: '2023-04-11T16:13:19.263Z'
}
{
  message: 'Invalid rating',
  level: 'error',
  timestamp: '2023-04-11T16:13:19.263Z'
}
{
  message: 'Invalid rating',
  level: 'error',
  timestamp: '2023-04-11T16:13:19.263Z'
}
{
  message: 'Invalid rating',
  level: 'error',
  timestamp: '2023-04-11T16:13:19.263Z'
}
{
  message: 'Invalid rating',
  level: 'error',
  timestamp: '2023-04-11T16:13:19.263Z'
}
{
  message: 'Invalid rating',
  level: 'error',
  timestamp: '2023-04-11T16:13:19.263Z'
}
{
  message: 'Invalid rating',
  level: 'error',
  timestamp: '2023-04-11T16:13:19.263Z'
}
{
  message: 'Invalid rating',
  level: 'error',
  timestamp: '2023-04-11T16:13:19.263Z'
}
{
  message: 'Invalid rating',
  level: 'error',
  timestamp: '2023-04-11T16:13:19.264Z'
}
{
  message: 'Invalid rating',
  level: 'error',
  timestamp: '2023-04-11T16:13:19.264Z'
}
{
  message: 'Invalid rating',
  level: 'error',
  timestamp: '2023-04-11T16:13:19.264Z'
}
{
  message: 'Invalid rating',
  level: 'error',
  timestamp: '2023-04-11T16:13:19.264Z'
}
{
  message: 'Invalid rating',
  level: 'error',
  timestamp: '2023-04-11T16:13:19.264Z'
}
{
  message: 'Invalid rating',
  level: 'error',
  timestamp: '2023-04-11T16:13:19.264Z'
}
{
  message: 'Invalid rating',
  level: 'error',
  timestamp: '2023-04-11T16:13:19.264Z'
}
{
  message: 'Invalid rating',
  level: 'error',
  timestamp: '2023-04-11T16:13:19.264Z'
}
{
  message: 'Invalid rating',
  level: 'error',
  timestamp: '2023-04-11T16:13:19.264Z'
}
{
  message: 'Invalid rating',
  level: 'error',
  timestamp: '2023-04-11T16:13:19.265Z'
}
{
  message: 'Invalid rating',
  level: 'error',
  timestamp: '2023-04-11T16:13:19.265Z'
}
{
  message: 'Invalid rating',
  level: 'error',
  timestamp: '2023-04-11T16:13:19.265Z'
}
{
  message: 'Invalid rating',
  level: 'error',
  timestamp: '2023-04-11T16:13:19.265Z'
}
{
  message: 'Invalid rating',
  level: 'error',
  timestamp: '2023-04-11T16:13:19.265Z'
}
{
  message: 'Invalid rating',
  level: 'error',
  timestamp: '2023-04-11T16:16:46.384Z'
}
{
  message: 'Invalid rating',
  level: 'error',
  timestamp: '2023-04-11T16:16:46.385Z'
}
{
  message: 'Invalid rating',
  level: 'error',
  timestamp: '2023-04-11T16:16:46.388Z'
}
{
  message: 'Invalid rating',
  level: 'error',
  timestamp: '2023-04-11T16:16:46.389Z'
}
{
  message: 'Invalid rating',
  level: 'error',
  timestamp: '2023-04-11T16:16:46.389Z'
}
{
  message: 'Invalid rating',
  level: 'error',
  timestamp: '2023-04-11T16:16:46.394Z'
}
{
  message: 'Invalid rating',
  level: 'error',
  timestamp: '2023-04-11T16:16:46.395Z'
}
{
  message: 'Invalid rating',
  level: 'error',
  timestamp: '2023-04-11T16:16:46.395Z'
}
{
  message: 'Invalid rating',
  level: 'error',
  timestamp: '2023-04-11T16:16:46.396Z'
}
{
  message: 'Invalid rating',
  level: 'error',
  timestamp: '2023-04-11T16:16:46.396Z'
}
{
  message: 'Invalid rating',
  level: 'error',
  timestamp: '2023-04-11T16:16:46.396Z'
}
{
  message: 'Invalid rating',
  level: 'error',
  timestamp: '2023-04-11T16:16:46.397Z'
}
{
  message: 'Invalid rating',
  level: 'error',
  timestamp: '2023-04-11T16:16:46.397Z'
}
{
  message: 'Invalid rating',
  level: 'error',
  timestamp: '2023-04-11T16:16:46.397Z'
}
{
  message: 'Invalid rating',
  level: 'error',
  timestamp: '2023-04-11T16:16:46.399Z'
}
{
  message: 'Invalid rating',
  level: 'error',
  timestamp: '2023-04-11T16:16:46.399Z'
}
{
  message: 'Invalid rating',
  level: 'error',
  timestamp: '2023-04-11T16:16:46.400Z'
}
{
  message: 'Invalid rating',
  level: 'error',
  timestamp: '2023-04-11T16:16:46.401Z'
}
{
  message: 'Invalid rating',
  level: 'error',
  timestamp: '2023-04-11T16:16:46.403Z'
}
{
  message: 'Invalid rating',
  level: 'error',
  timestamp: '2023-04-11T16:16:46.403Z'
}
{
  message: 'Invalid rating',
  level: 'error',
  timestamp: '2023-04-11T16:16:46.404Z'
}
{
  message: 'Invalid rating',
  level: 'error',
  timestamp: '2023-04-11T16:16:46.404Z'
}
{
  message: 'Invalid rating',
  level: 'error',
  timestamp: '2023-04-11T16:16:46.405Z'
}
{
  message: 'Invalid rating',
  level: 'error',
  timestamp: '2023-04-11T16:16:46.405Z'
}
{
  message: 'Invalid rating',
  level: 'error',
  timestamp: '2023-04-11T16:17:44.672Z'
}
{
  message: 'Invalid rating',
  level: 'error',
  timestamp: '2023-04-11T16:17:44.673Z'
}
{
  message: 'Invalid rating',
  level: 'error',
  timestamp: '2023-04-11T16:17:44.676Z'
}
{
  message: 'Invalid rating',
  level: 'error',
  timestamp: '2023-04-11T16:17:44.677Z'
}
{
  message: 'Invalid rating',
  level: 'error',
  timestamp: '2023-04-11T16:17:44.677Z'
}
{
  message: 'Invalid rating',
  level: 'error',
  timestamp: '2023-04-11T16:17:44.683Z'
}
{
  message: 'Invalid rating',
  level: 'error',
  timestamp: '2023-04-11T16:17:44.685Z'
}
{
  message: 'Invalid rating',
  level: 'error',
  timestamp: '2023-04-11T16:17:44.685Z'
}
{
  message: 'Invalid rating',
  level: 'error',
  timestamp: '2023-04-11T16:17:44.685Z'
}
{
  message: 'Invalid rating',
  level: 'error',
  timestamp: '2023-04-11T16:17:44.686Z'
}
{
  message: 'Invalid rating',
  level: 'error',
  timestamp: '2023-04-11T16:17:44.686Z'
}
{
  message: 'Invalid rating',
  level: 'error',
  timestamp: '2023-04-11T16:17:44.686Z'
}
{
  message: 'Invalid rating',
  level: 'error',
  timestamp: '2023-04-11T16:17:44.687Z'
}
{
  message: 'Invalid rating',
  level: 'error',
  timestamp: '2023-04-11T16:17:44.687Z'
}
{
  message: 'Invalid rating',
  level: 'error',
  timestamp: '2023-04-11T16:17:44.688Z'
}
{
  message: 'Invalid rating',
  level: 'error',
  timestamp: '2023-04-11T16:17:44.689Z'
}
{
  message: 'Invalid rating',
  level: 'error',
  timestamp: '2023-04-11T16:17:44.690Z'
}
{
  message: 'Invalid rating',
  level: 'error',
  timestamp: '2023-04-11T16:17:44.690Z'
}
{
  message: 'Invalid rating',
  level: 'error',
  timestamp: '2023-04-11T16:17:44.692Z'
}
{
  message: 'Invalid rating',
  level: 'error',
  timestamp: '2023-04-11T16:17:44.692Z'
}
{
  message: 'Invalid rating',
  level: 'error',
  timestamp: '2023-04-11T16:17:44.693Z'
}
{
  message: 'Invalid rating',
  level: 'error',
  timestamp: '2023-04-11T16:17:44.694Z'
}
{
  message: 'Invalid rating',
  level: 'error',
  timestamp: '2023-04-11T16:17:44.695Z'
}
{
  message: 'Invalid rating',
  level: 'error',
  timestamp: '2023-04-11T16:17:44.695Z'
}
{
  message: 'Invalid rating',
  level: 'error',
  timestamp: '2023-04-11T16:18:08.081Z'
}
{
  message: 'Invalid rating',
  level: 'error',
  timestamp: '2023-04-11T16:18:08.082Z'
}
{
  message: 'Invalid rating',
  level: 'error',
  timestamp: '2023-04-11T16:18:08.085Z'
}
{
  message: 'Invalid rating',
  level: 'error',
  timestamp: '2023-04-11T16:18:08.087Z'
}
{
  message: 'Invalid rating',
  level: 'error',
  timestamp: '2023-04-11T16:18:08.087Z'
}
{
  message: 'Invalid rating',
  level: 'error',
  timestamp: '2023-04-11T16:18:08.091Z'
}
{
  message: 'Invalid rating',
  level: 'error',
  timestamp: '2023-04-11T16:18:08.092Z'
}
{
  message: 'Invalid rating',
  level: 'error',
  timestamp: '2023-04-11T16:18:08.093Z'
}
{
  message: 'Invalid rating',
  level: 'error',
  timestamp: '2023-04-11T16:18:08.093Z'
}
{
  message: 'Invalid rating',
  level: 'error',
  timestamp: '2023-04-11T16:18:08.093Z'
}
{
  message: 'Invalid rating',
  level: 'error',
  timestamp: '2023-04-11T16:18:08.094Z'
}
{
  message: 'Invalid rating',
  level: 'error',
  timestamp: '2023-04-11T16:18:08.094Z'
}
{
  message: 'Invalid rating',
  level: 'error',
  timestamp: '2023-04-11T16:18:08.095Z'
}
{
  message: 'Invalid rating',
  level: 'error',
  timestamp: '2023-04-11T16:18:08.095Z'
}
{
  message: 'Invalid rating',
  level: 'error',
  timestamp: '2023-04-11T16:18:08.097Z'
}
{
  message: 'Invalid rating',
  level: 'error',
  timestamp: '2023-04-11T16:18:08.097Z'
}
{
  message: 'Invalid rating',
  level: 'error',
  timestamp: '2023-04-11T16:18:08.098Z'
}
{
  message: 'Invalid rating',
  level: 'error',
  timestamp: '2023-04-11T16:18:08.098Z'
}
{
  message: 'Invalid rating',
  level: 'error',
  timestamp: '2023-04-11T16:18:08.100Z'
}
{
  message: 'Invalid rating',
  level: 'error',
  timestamp: '2023-04-11T16:18:08.100Z'
}
{
  message: 'Invalid rating',
  level: 'error',
  timestamp: '2023-04-11T16:18:08.101Z'
}
{
  message: 'Invalid rating',
  level: 'error',
  timestamp: '2023-04-11T16:18:08.101Z'
}
{
  message: 'Invalid rating',
  level: 'error',
  timestamp: '2023-04-11T16:18:08.102Z'
}
{
  message: 'Invalid rating',
  level: 'error',
  timestamp: '2023-04-11T16:18:08.103Z'
}
{
  message: 'Invalid rating',
  level: 'error',
  timestamp: '2023-04-11T16:20:43.043Z'
}
{
  message: 'Invalid rating',
  level: 'error',
  timestamp: '2023-04-11T16:20:43.049Z'
}
{
  message: 'Invalid rating',
  level: 'error',
  timestamp: '2023-04-11T16:20:43.051Z'
}
{
  message: 'Invalid rating',
  level: 'error',
  timestamp: '2023-04-11T16:20:43.052Z'
}
{
  message: 'Invalid rating',
  level: 'error',
  timestamp: '2023-04-11T16:20:43.053Z'
}
{
  message: 'Invalid rating',
  level: 'error',
  timestamp: '2023-04-11T16:20:43.054Z'
}
{
  message: 'Invalid rating',
  level: 'error',
  timestamp: '2023-04-11T16:20:43.055Z'
}
{
  message: 'Invalid rating',
  level: 'error',
  timestamp: '2023-04-11T16:20:43.055Z'
}
{
  message: 'Invalid rating',
  level: 'error',
  timestamp: '2023-04-11T16:20:43.055Z'
}
{
  message: 'Invalid rating',
  level: 'error',
  timestamp: '2023-04-11T16:20:43.056Z'
}
{
  message: 'Invalid rating',
  level: 'error',
  timestamp: '2023-04-11T16:20:43.061Z'
}
{
  message: 'Invalid rating',
  level: 'error',
  timestamp: '2023-04-11T16:20:43.061Z'
}
{
  message: 'Invalid rating',
  level: 'error',
  timestamp: '2023-04-11T16:20:43.062Z'
}
{
  message: 'Invalid rating',
  level: 'error',
  timestamp: '2023-04-11T16:20:43.062Z'
}
{
  message: 'Invalid rating',
  level: 'error',
  timestamp: '2023-04-11T16:20:43.062Z'
}
{
  message: 'Invalid rating',
  level: 'error',
  timestamp: '2023-04-11T16:20:43.063Z'
}
{
  message: 'Invalid rating',
  level: 'error',
  timestamp: '2023-04-11T16:20:43.065Z'
}
{
  message: 'Invalid rating',
  level: 'error',
  timestamp: '2023-04-11T16:23:23.501Z'
}
{
  message: 'Invalid rating',
  level: 'error',
  timestamp: '2023-04-11T16:23:23.503Z'
}
{
  message: 'Invalid rating',
  level: 'error',
  timestamp: '2023-04-11T16:24:27.539Z'
}
{
  message: 'Invalid rating',
  level: 'error',
  timestamp: '2023-04-11T16:25:49.629Z'
}
{
  message: 'Invalid rating',
  level: 'error',
  timestamp: '2023-04-11T16:25:49.629Z'
}
{
  message: 'Invalid rating',
  level: 'error',
  timestamp: '2023-04-11T16:25:49.630Z'
}
{
  message: 'Invalid rating',
  level: 'error',
  timestamp: '2023-04-11T16:25:49.630Z'
}
{
  message: 'Invalid rating',
  level: 'error',
  timestamp: '2023-04-11T16:25:49.631Z'
}
{
  message: 'Invalid rating',
  level: 'error',
  timestamp: '2023-04-11T16:25:49.631Z'
}
{
  message: 'Invalid rating',
  level: 'error',
  timestamp: '2023-04-11T16:25:49.631Z'
}
{
  message: 'Invalid rating',
  level: 'error',
  timestamp: '2023-04-11T16:25:49.631Z'
}
{
  message: 'Invalid rating',
  level: 'error',
  timestamp: '2023-04-11T16:25:49.631Z'
}
{
  message: 'Invalid rating',
  level: 'error',
  timestamp: '2023-04-11T16:25:49.632Z'
}
{
  message: 'Invalid rating',
  level: 'error',
  timestamp: '2023-04-11T16:25:49.633Z'
}
{
  message: 'Invalid rating',
  level: 'error',
  timestamp: '2023-04-11T16:25:49.633Z'
}
{
  message: 'Invalid rating',
  level: 'error',
  timestamp: '2023-04-11T16:28:06.496Z'
}
{
  message: 'Invalid rating',
  level: 'error',
  timestamp: '2023-04-11T16:28:06.497Z'
}
{
  message: 'Invalid rating',
  level: 'error',
  timestamp: '2023-04-11T16:28:06.498Z'
}
{
  message: 'Invalid rating',
  level: 'error',
  timestamp: '2023-04-11T16:28:06.499Z'
}
{
  message: 'Invalid rating',
  level: 'error',
  timestamp: '2023-04-11T16:28:06.500Z'
}
{
  message: 'Invalid rating',
  level: 'error',
  timestamp: '2023-04-11T16:28:06.500Z'
}
{
  message: 'Invalid rating',
  level: 'error',
  timestamp: '2023-04-11T16:28:06.501Z'
}
{
  message: 'Invalid rating',
  level: 'error',
  timestamp: '2023-04-11T16:28:06.502Z'
}
{
  message: 'Invalid rating',
  level: 'error',
  timestamp: '2023-04-11T16:28:06.502Z'
}
{
  message: 'Invalid rating',
  level: 'error',
  timestamp: '2023-04-11T16:28:06.503Z'
}
{
  message: 'Invalid rating',
  level: 'error',
  timestamp: '2023-04-11T16:28:06.503Z'
}
{
  message: 'Invalid rating',
  level: 'error',
  timestamp: '2023-04-11T16:28:06.503Z'
}
{
  message: 'Invalid rating',
  level: 'error',
  timestamp: '2023-04-11T16:28:06.503Z'
}
{
  message: 'Invalid rating',
  level: 'error',
  timestamp: '2023-04-11T16:28:06.503Z'
}
{
  message: 'Invalid rating',
  level: 'error',
  timestamp: '2023-04-11T16:28:06.504Z'
}
{
  message: 'Invalid rating',
  level: 'error',
  timestamp: '2023-04-11T16:28:06.504Z'
}
{
  message: 'Invalid rating',
  level: 'error',
  timestamp: '2023-04-11T16:28:06.504Z'
}
{
  message: 'Invalid rating',
  level: 'error',
  timestamp: '2023-04-11T16:28:06.505Z'
}
{
  message: 'Invalid rating',
  level: 'error',
  timestamp: '2023-04-11T16:28:06.505Z'
}
{
  message: 'Invalid rating',
  level: 'error',
  timestamp: '2023-04-11T16:28:06.505Z'
}
{
  message: 'Invalid rating',
  level: 'error',
  timestamp: '2023-04-11T16:28:06.506Z'
}
{
  message: 'Invalid rating',
  level: 'error',
  timestamp: '2023-04-11T16:28:06.507Z'
}
{
  message: 'Invalid rating',
  level: 'error',
  timestamp: '2023-04-11T16:28:06.507Z'
}
{
  message: 'Invalid rating',
  level: 'error',
  timestamp: '2023-04-11T16:28:06.508Z'
}
{
  message: 'Invalid rating',
  level: 'error',
  timestamp: '2023-04-11T16:28:06.508Z'
}
{
  message: 'Invalid rating',
  level: 'error',
  timestamp: '2023-04-11T16:28:06.508Z'
}
{
  message: 'Invalid rating',
  level: 'error',
  timestamp: '2023-04-11T16:28:06.509Z'
}
{
  message: 'Invalid rating',
  level: 'error',
  timestamp: '2023-04-11T16:28:06.509Z'
}
{
  message: 'Invalid rating',
  level: 'error',
  timestamp: '2023-04-11T16:28:06.509Z'
}
{
  message: 'Invalid rating',
  level: 'error',
  timestamp: '2023-04-11T16:28:06.509Z'
}
{
  message: 'Invalid rating',
  level: 'error',
  timestamp: '2023-04-11T16:28:06.510Z'
}
{
  message: 'Invalid rating',
  level: 'error',
  timestamp: '2023-04-11T16:28:06.510Z'
}
{
  message: 'Invalid rating',
  level: 'error',
  timestamp: '2023-04-11T16:28:06.513Z'
}
{
  message: 'Invalid rating',
  level: 'error',
  timestamp: '2023-04-11T16:28:06.514Z'
}
{
  message: 'Invalid rating',
  level: 'error',
  timestamp: '2023-04-11T16:28:06.515Z'
}
{
  message: 'Invalid rating',
  level: 'error',
  timestamp: '2023-04-11T16:28:06.515Z'
}
{
  message: 'Invalid rating',
  level: 'error',
  timestamp: '2023-04-11T16:28:06.515Z'
}
{
  message: 'Invalid rating',
  level: 'error',
  timestamp: '2023-04-11T16:28:06.515Z'
}
{
  message: 'Invalid rating',
  level: 'error',
  timestamp: '2023-04-11T16:28:06.515Z'
}
{
  message: 'Invalid rating',
  level: 'error',
  timestamp: '2023-04-11T16:28:06.516Z'
}
{
  message: 'Invalid rating',
  level: 'error',
  timestamp: '2023-04-11T16:28:06.516Z'
}
{
  message: 'Invalid rating',
  level: 'error',
  timestamp: '2023-04-11T16:28:06.517Z'
}
{
  message: 'Invalid rating',
  level: 'error',
  timestamp: '2023-04-11T16:28:06.517Z'
}
{
  message: 'Invalid rating',
  level: 'error',
  timestamp: '2023-04-11T16:28:06.517Z'
}
{
  message: 'Invalid rating',
  level: 'error',
  timestamp: '2023-04-11T16:28:10.377Z'
}
{
  message: 'Invalid rating',
  level: 'error',
  timestamp: '2023-04-11T16:28:10.377Z'
}
{
  message: 'Invalid rating',
  level: 'error',
  timestamp: '2023-04-11T16:28:10.377Z'
}
{
  message: 'Invalid rating',
  level: 'error',
  timestamp: '2023-04-11T16:28:10.377Z'
}
{
  message: 'Invalid rating',
  level: 'error',
  timestamp: '2023-04-11T16:28:10.378Z'
}
{
  message: 'Invalid rating',
  level: 'error',
  timestamp: '2023-04-11T16:28:10.378Z'
}
{
  message: 'Invalid rating',
  level: 'error',
  timestamp: '2023-04-11T16:28:10.378Z'
}
{
  message: 'Invalid rating',
  level: 'error',
  timestamp: '2023-04-11T16:28:10.378Z'
}
{
  message: 'Invalid rating',
  level: 'error',
  timestamp: '2023-04-11T16:28:10.379Z'
}
{
  message: 'Invalid rating',
  level: 'error',
  timestamp: '2023-04-11T16:28:10.379Z'
}
{
  message: 'Invalid rating',
  level: 'error',
  timestamp: '2023-04-11T16:28:10.379Z'
}
{
  message: 'Invalid rating',
  level: 'error',
  timestamp: '2023-04-11T16:28:10.379Z'
}
{
  message: 'Invalid rating',
  level: 'error',
  timestamp: '2023-04-11T16:28:10.379Z'
}
{
  message: 'Invalid rating',
  level: 'error',
  timestamp: '2023-04-11T16:28:10.379Z'
}
{
  message: 'Invalid rating',
  level: 'error',
  timestamp: '2023-04-11T16:28:10.380Z'
}
{
  message: 'Invalid rating',
  level: 'error',
  timestamp: '2023-04-11T16:28:10.380Z'
}
{
  message: 'Invalid rating',
  level: 'error',
  timestamp: '2023-04-11T16:28:10.381Z'
}
{
  message: 'Invalid rating',
  level: 'error',
  timestamp: '2023-04-11T16:28:10.381Z'
}
{
  message: 'Invalid rating',
  level: 'error',
  timestamp: '2023-04-11T16:28:10.382Z'
}
{
  message: 'Invalid rating',
  level: 'error',
  timestamp: '2023-04-11T16:28:10.382Z'
}
{
  message: 'Invalid rating',
  level: 'error',
  timestamp: '2023-04-11T16:28:10.382Z'
}
{
  message: 'Invalid rating',
  level: 'error',
  timestamp: '2023-04-11T16:28:10.385Z'
}
{
  message: 'Invalid rating',
  level: 'error',
  timestamp: '2023-04-11T16:28:10.385Z'
}
{
  message: 'Invalid rating',
  level: 'error',
  timestamp: '2023-04-11T16:28:10.385Z'
}
{
  message: 'Invalid rating',
  level: 'error',
  timestamp: '2023-04-11T16:28:10.386Z'
}
{
  message: 'Invalid rating',
  level: 'error',
  timestamp: '2023-04-11T16:28:10.386Z'
}
{
  message: 'Invalid rating',
  level: 'error',
  timestamp: '2023-04-11T16:28:10.387Z'
}
{
  message: 'Invalid rating',
  level: 'error',
  timestamp: '2023-04-11T16:28:10.387Z'
}
{
  message: 'Invalid rating',
  level: 'error',
  timestamp: '2023-04-11T16:28:10.387Z'
}
{
  message: 'Invalid rating',
  level: 'error',
  timestamp: '2023-04-11T16:28:10.387Z'
}
{
  message: 'Invalid rating',
  level: 'error',
  timestamp: '2023-04-11T16:28:10.388Z'
}
{
  message: 'Invalid rating',
  level: 'error',
  timestamp: '2023-04-11T16:28:10.389Z'
}
{
  message: 'Invalid rating',
  level: 'error',
  timestamp: '2023-04-11T16:28:10.391Z'
}
{
  message: 'Invalid rating',
  level: 'error',
  timestamp: '2023-04-11T16:28:10.393Z'
}
{
  message: 'Invalid rating',
  level: 'error',
  timestamp: '2023-04-11T16:28:10.394Z'
}
{
  message: 'Invalid rating',
  level: 'error',
  timestamp: '2023-04-11T16:28:10.394Z'
}
{
  message: 'Invalid rating',
  level: 'error',
  timestamp: '2023-04-11T16:28:10.394Z'
}
{
  message: 'Invalid rating',
  level: 'error',
  timestamp: '2023-04-11T16:28:10.395Z'
}
{
  message: 'Invalid rating',
  level: 'error',
  timestamp: '2023-04-11T16:28:10.395Z'
}
{
  message: 'Invalid rating',
  level: 'error',
  timestamp: '2023-04-11T16:28:10.395Z'
}
{
  message: 'Invalid rating',
  level: 'error',
  timestamp: '2023-04-11T16:28:10.396Z'
}
{
  message: 'Invalid rating',
  level: 'error',
  timestamp: '2023-04-11T16:28:10.396Z'
}
{
  message: 'Invalid rating',
  level: 'error',
  timestamp: '2023-04-11T16:28:10.396Z'
}
{
  message: 'Invalid rating',
  level: 'error',
  timestamp: '2023-04-11T16:28:10.397Z'
}
{
  message: 'Invalid rating',
  level: 'error',
  timestamp: '2023-04-11T16:30:01.810Z'
}
{
  message: 'Invalid rating',
  level: 'error',
  timestamp: '2023-04-11T16:30:01.810Z'
}
{
  message: 'Invalid rating',
  level: 'error',
  timestamp: '2023-04-11T16:30:01.811Z'
}
{
  message: 'Invalid rating',
  level: 'error',
  timestamp: '2023-04-11T16:30:01.811Z'
}
{
  message: 'Invalid rating',
  level: 'error',
  timestamp: '2023-04-11T16:30:01.812Z'
}
{
  message: 'Invalid rating',
  level: 'error',
  timestamp: '2023-04-11T16:30:01.812Z'
}
{
  message: 'Invalid rating',
  level: 'error',
  timestamp: '2023-04-11T16:30:01.813Z'
}
{
  message: 'Invalid rating',
  level: 'error',
  timestamp: '2023-04-11T16:30:01.814Z'
}
{
  message: 'Invalid rating',
  level: 'error',
  timestamp: '2023-04-11T16:30:01.815Z'
}
{
  message: 'Invalid rating',
  level: 'error',
  timestamp: '2023-04-11T16:30:01.815Z'
}
{
  message: 'Invalid rating',
  level: 'error',
  timestamp: '2023-04-11T16:30:01.815Z'
}
{
  message: 'Invalid rating',
  level: 'error',
  timestamp: '2023-04-11T16:30:01.816Z'
}
{
  message: 'Invalid rating',
  level: 'error',
  timestamp: '2023-04-11T16:30:01.816Z'
}
{
  message: 'Invalid rating',
  level: 'error',
  timestamp: '2023-04-11T16:30:01.817Z'
}
{
  message: 'Invalid rating',
  level: 'error',
  timestamp: '2023-04-11T16:30:01.818Z'
}
{
  message: 'Invalid rating',
  level: 'error',
  timestamp: '2023-04-11T16:30:01.818Z'
}
{
  message: 'Invalid rating',
  level: 'error',
  timestamp: '2023-04-11T16:30:01.819Z'
}
{
  message: 'Invalid rating',
  level: 'error',
  timestamp: '2023-04-11T16:30:01.821Z'
}
{
  message: 'Invalid rating',
  level: 'error',
  timestamp: '2023-04-11T16:30:01.821Z'
}
{
  message: 'Invalid rating',
  level: 'error',
  timestamp: '2023-04-11T16:30:01.822Z'
}
{
  message: 'Invalid rating',
  level: 'error',
  timestamp: '2023-04-11T16:30:01.822Z'
}
{
  message: 'Invalid rating',
  level: 'error',
  timestamp: '2023-04-11T16:30:01.823Z'
}
{
  message: 'Invalid rating',
  level: 'error',
  timestamp: '2023-04-11T16:30:01.823Z'
}
{
  message: 'Invalid rating',
  level: 'error',
  timestamp: '2023-04-11T16:30:01.824Z'
}
{
  message: 'Invalid rating',
  level: 'error',
  timestamp: '2023-04-11T16:30:01.825Z'
}
{
  message: 'Invalid rating',
  level: 'error',
  timestamp: '2023-04-11T16:30:01.825Z'
}
{
  message: 'Invalid rating',
  level: 'error',
  timestamp: '2023-04-11T16:30:01.826Z'
}
{
  message: 'Invalid rating',
  level: 'error',
  timestamp: '2023-04-11T16:30:01.827Z'
}
{
  message: 'Invalid rating',
  level: 'error',
  timestamp: '2023-04-11T16:30:01.828Z'
}
{
  message: 'Invalid rating',
  level: 'error',
  timestamp: '2023-04-11T16:30:01.829Z'
}
{
  message: 'Invalid rating',
  level: 'error',
  timestamp: '2023-04-11T16:30:01.831Z'
}
{
  message: 'Invalid rating',
  level: 'error',
  timestamp: '2023-04-11T16:30:01.831Z'
}
{
  message: 'Invalid rating',
  level: 'error',
  timestamp: '2023-04-11T16:30:01.831Z'
}
{
  message: 'Invalid rating',
  level: 'error',
  timestamp: '2023-04-11T16:30:01.833Z'
}
{
  message: 'Invalid rating',
  level: 'error',
  timestamp: '2023-04-11T16:30:49.786Z'
}
{
  message: 'Invalid rating',
  level: 'error',
  timestamp: '2023-04-11T16:30:49.787Z'
}
{
  message: 'Invalid rating',
  level: 'error',
  timestamp: '2023-04-11T16:30:49.788Z'
}
{
  message: 'Invalid rating',
  level: 'error',
  timestamp: '2023-04-11T16:30:49.788Z'
}
{
  message: 'Invalid rating',
  level: 'error',
  timestamp: '2023-04-11T16:30:49.789Z'
}
{
  message: 'Invalid rating',
  level: 'error',
  timestamp: '2023-04-11T16:30:49.790Z'
}
{
  message: 'Invalid rating',
  level: 'error',
  timestamp: '2023-04-11T16:30:49.791Z'
}
{
  message: 'Invalid rating',
  level: 'error',
  timestamp: '2023-04-11T16:30:49.792Z'
}
{
  message: 'Invalid rating',
  level: 'error',
  timestamp: '2023-04-11T16:30:49.792Z'
}
{
  message: 'Invalid rating',
  level: 'error',
  timestamp: '2023-04-11T16:30:49.792Z'
}
{
  message: 'Invalid rating',
  level: 'error',
  timestamp: '2023-04-11T16:30:49.793Z'
}
{
  message: 'Invalid rating',
  level: 'error',
  timestamp: '2023-04-11T16:30:49.794Z'
}
{
  message: 'Invalid rating',
  level: 'error',
  timestamp: '2023-04-11T16:30:49.794Z'
}
{
  message: 'Invalid rating',
  level: 'error',
  timestamp: '2023-04-11T16:30:49.795Z'
}
{
  message: 'Invalid rating',
  level: 'error',
  timestamp: '2023-04-11T16:30:49.795Z'
}
{
  message: 'Invalid rating',
  level: 'error',
  timestamp: '2023-04-11T16:30:49.796Z'
}
{
  message: 'Invalid rating',
  level: 'error',
  timestamp: '2023-04-11T16:30:49.796Z'
}
{
  message: 'Invalid rating',
  level: 'error',
  timestamp: '2023-04-11T16:30:49.798Z'
}
{
  message: 'Invalid rating',
  level: 'error',
  timestamp: '2023-04-11T16:30:49.798Z'
}
{
  message: 'Invalid rating',
  level: 'error',
  timestamp: '2023-04-11T16:30:49.799Z'
}
{
  message: 'Invalid rating',
  level: 'error',
  timestamp: '2023-04-11T16:30:49.799Z'
}
{
  message: 'Invalid rating',
  level: 'error',
  timestamp: '2023-04-11T16:30:49.800Z'
}
{
  message: 'Invalid rating',
  level: 'error',
  timestamp: '2023-04-11T16:30:49.800Z'
}
{
  message: 'Invalid rating',
  level: 'error',
  timestamp: '2023-04-11T16:30:49.801Z'
}
{
  message: 'Invalid rating',
  level: 'error',
  timestamp: '2023-04-11T16:30:49.802Z'
}
{
  message: 'Invalid rating',
  level: 'error',
  timestamp: '2023-04-11T16:30:49.802Z'
}
{
  message: 'Invalid rating',
  level: 'error',
  timestamp: '2023-04-11T16:30:49.803Z'
}
{
  message: 'Invalid rating',
  level: 'error',
  timestamp: '2023-04-11T16:30:49.805Z'
}
{
  message: 'Invalid rating',
  level: 'error',
  timestamp: '2023-04-11T16:30:49.806Z'
}
{
  message: 'Invalid rating',
  level: 'error',
  timestamp: '2023-04-11T16:30:49.807Z'
}
{
  message: 'Invalid rating',
  level: 'error',
  timestamp: '2023-04-11T16:30:49.808Z'
}
{
  message: 'Invalid rating',
  level: 'error',
  timestamp: '2023-04-11T16:30:49.809Z'
}
{
  message: 'Invalid rating',
  level: 'error',
  timestamp: '2023-04-11T16:30:49.809Z'
}
{
  message: 'Invalid rating',
  level: 'error',
  timestamp: '2023-04-11T16:30:49.811Z'
}
